Log file open, 03/10/23 12:28:52
LogWindows: Failed to load 'aqProf.dll' (GetLastError=126)
LogWindows: File 'aqProf.dll' does not exist
LogWindows: Failed to load 'VtuneApi.dll' (GetLastError=126)
LogWindows: File 'VtuneApi.dll' does not exist
LogWindows: Failed to load 'VtuneApi32e.dll' (GetLastError=126)
LogWindows: File 'VtuneApi32e.dll' does not exist
LogConsoleResponse: Display: Failed to find resolution value strings in scalability ini. Falling back to default.
LogConsoleResponse: Display: Failed to find resolution value strings in scalability ini. Falling back to default.
LogInit: Display: Running engine for game: UnrealHandGrasp
LogPlatformFile: Not using cached read wrapper
LogTaskGraph: Started task graph with 5 named threads and 35 total threads with 3 sets of task threads.
LogStats: Stats thread started at 0.240078
LogICUInternationalization: ICU TimeZone Detection - Raw Offset: +1:00, Platform Override: ''
LogInit: Display: Loading text-based GConfig....
LogPluginManager: Mounting plugin MeshPainting
LogPluginManager: Mounting plugin XGEController
LogPluginManager: Mounting plugin Paper2D
LogPluginManager: Mounting plugin LiveLink
LogPluginManager: Mounting plugin AISupport
LogPluginManager: Mounting plugin EnvironmentQueryEditor
LogPluginManager: Mounting plugin LightPropagationVolume
LogPluginManager: Mounting plugin GameplayCameras
LogPluginManager: Mounting plugin CameraShakePreviewer
LogPluginManager: Mounting plugin DatasmithContent
LogPluginManager: Mounting plugin VariantManagerContent
LogPluginManager: Mounting plugin Niagara
LogPluginManager: Mounting plugin AlembicImporter
LogPluginManager: Mounting plugin BackChannel
LogPluginManager: Mounting plugin AutomationUtils
LogPluginManager: Mounting plugin ChaosCloth
LogPluginManager: Mounting plugin ChaosClothEditor
LogPluginManager: Mounting plugin ChaosEditor
LogPluginManager: Mounting plugin ChaosNiagara
LogPluginManager: Mounting plugin CharacterAI
LogPluginManager: Mounting plugin ChaosSolverPlugin
LogPluginManager: Mounting plugin GeometryCache
LogPluginManager: Mounting plugin GeometryCollectionPlugin
LogPluginManager: Mounting plugin MicrosoftOpenXR
LogPluginManager: Mounting plugin AndroidMedia
LogPluginManager: Mounting plugin AvfMedia
LogPluginManager: Mounting plugin ImgMedia
LogPluginManager: Mounting plugin MediaCompositing
LogPluginManager: Mounting plugin MediaPlayerEditor
LogPluginManager: Mounting plugin WebMMedia
LogPluginManager: Mounting plugin WmfMedia
LogPluginManager: Mounting plugin AssetManagerEditor
LogPluginManager: Mounting plugin CryptoKeys
LogPluginManager: Mounting plugin CurveEditorTools
LogPluginManager: Mounting plugin DataValidation
LogPluginManager: Mounting plugin FacialAnimation
LogPluginManager: Mounting plugin GameplayTagsEditor
LogPluginManager: Mounting plugin GeometryMode
LogPluginManager: Mounting plugin MacGraphicsSwitching
LogPluginManager: Mounting plugin MobileLauncherProfileWizard
LogPluginManager: Mounting plugin PluginBrowser
LogPluginManager: Mounting plugin MaterialAnalyzer
LogPluginManager: Mounting plugin SpeedTreeImporter
LogPluginManager: Mounting plugin ActorSequence
LogPluginManager: Mounting plugin LevelSequenceEditor
LogPluginManager: Mounting plugin TemplateSequence
LogPluginManager: Mounting plugin AnimationSharing
LogPluginManager: Mounting plugin CLionSourceCodeAccess
LogPluginManager: Mounting plugin KDevelopSourceCodeAccess
LogPluginManager: Mounting plugin GitSourceControl
LogPluginManager: Mounting plugin NullSourceCodeAccess
LogPluginManager: Mounting plugin PerforceSourceControl
LogPluginManager: Mounting plugin CodeLiteSourceCodeAccess
LogPluginManager: Mounting plugin PlasticSourceControl
LogPluginManager: Mounting plugin PluginUtils
LogPluginManager: Mounting plugin PropertyAccessNode
LogPluginManager: Mounting plugin RiderSourceCodeAccess
LogPluginManager: Mounting plugin SubversionSourceControl
LogPluginManager: Mounting plugin TextureFormatOodle
LogPluginManager: Mounting plugin UObjectPlugin
LogPluginManager: Mounting plugin VisualStudioSourceCodeAccess
LogPluginManager: Mounting plugin VisualStudioCodeSourceCodeAccess
LogPluginManager: Mounting plugin XCodeSourceCodeAccess
LogPluginManager: Mounting plugin LauncherChunkInstaller
LogPluginManager: Mounting plugin OnlineSubsystem
LogPluginManager: Mounting plugin OnlineSubsystemNull
LogPluginManager: Mounting plugin OnlineSubsystemUtils
LogPluginManager: Mounting plugin TcpMessaging
LogPluginManager: Mounting plugin MatineeToLevelSequence
LogPluginManager: Mounting plugin ActorLayerUtilities
LogPluginManager: Mounting plugin UdpMessaging
LogPluginManager: Mounting plugin AndroidDeviceProfileSelector
LogPluginManager: Mounting plugin AndroidMoviePlayer
LogPluginManager: Mounting plugin AndroidPermission
LogPluginManager: Mounting plugin AppleImageUtils
LogPluginManager: Mounting plugin AppleMoviePlayer
LogPluginManager: Mounting plugin ArchVisCharacter
LogPluginManager: Mounting plugin AssetTags
LogPluginManager: Mounting plugin AudioCapture
LogPluginManager: Mounting plugin AudioSynesthesia
LogPluginManager: Mounting plugin CableComponent
LogPluginManager: Mounting plugin ChunkDownloader
LogPluginManager: Mounting plugin CustomMeshComponent
LogPluginManager: Mounting plugin EditableMesh
LogPluginManager: Mounting plugin ExampleDeviceProfileSelector
LogPluginManager: Mounting plugin GoogleCloudMessaging
LogPluginManager: Mounting plugin GooglePAD
LogPluginManager: Mounting plugin PixWinPlugin
LogPluginManager: Mounting plugin ScreenshotTools
LogPluginManager: Mounting plugin IOSDeviceProfileSelector
LogPluginManager: Mounting plugin LinuxDeviceProfileSelector
LogPluginManager: Mounting plugin LocationServicesBPLibrary
LogPluginManager: Mounting plugin MobilePatchingUtils
LogPluginManager: Mounting plugin GeometryProcessing
LogPluginManager: Mounting plugin OpenXR
LogPluginManager: Mounting plugin OpenXREyeTracker
LogPluginManager: Mounting plugin OpenXRHandTracking
LogPluginManager: Mounting plugin OpenXRMsftHandInteraction
LogPluginManager: Mounting plugin MotoSynth
LogPluginManager: Mounting plugin OpenImageDenoise
LogPluginManager: Mounting plugin PhysXVehicles
LogPluginManager: Mounting plugin PlanarCut
LogPluginManager: Mounting plugin PlatformCrypto
LogPluginManager: Mounting plugin LuminPlatformFeatures
LogPluginManager: Mounting plugin ProxyLODPlugin
LogPluginManager: Mounting plugin PythonScriptPlugin
LogPluginManager: Mounting plugin MagicLeap
LogPluginManager: Mounting plugin MagicLeapLightEstimation
LogPluginManager: Mounting plugin MagicLeapMedia
LogPluginManager: Mounting plugin MagicLeapPassableWorld
LogPluginManager: Mounting plugin SkeletalReduction
LogPluginManager: Mounting plugin Text3D
LogPluginManager: Mounting plugin PostSplashScreen
LogPluginManager: Mounting plugin ProceduralMeshComponent
LogPluginManager: Mounting plugin PropertyAccessEditor
LogPluginManager: Mounting plugin RuntimePhysXCooking
LogPluginManager: Mounting plugin MLSDK
LogPluginManager: Mounting plugin SignificanceManager
LogPluginManager: Mounting plugin SoundFields
LogPluginManager: Mounting plugin Takes
LogPluginManager: Mounting plugin Synthesis
LogPluginManager: Mounting plugin WindowsMoviePlayer
LogPluginManager: Mounting plugin WindowsMixedReality
LogPluginManager: Mounting plugin WebMMoviePlayer
LogPluginManager: Mounting plugin OodleData
LogPluginManager: Mounting plugin OodleNetwork
LogPluginManager: Mounting plugin ContentBrowserAssetDataSource
LogPluginManager: Mounting plugin ContentBrowserClassDataSource
LogPluginManager: Mounting plugin ContentBrowserFileDataSource
LogPluginManager: Mounting plugin OnlineSubsystemGooglePlay
LogPluginManager: Mounting plugin OnlineSubsystemIOS
LogPluginManager: Mounting plugin AzureSpatialAnchors
LogPluginManager: Mounting plugin SteamVR
LogPluginManager: Mounting plugin XRVisualization
LogPluginManager: Mounting plugin HoloLensAR
LogPluginManager: Mounting plugin AnimNode
LogInit: Using libcurl 7.55.1-DEV
LogInit:  - built for x86_64-pc-win32
LogInit:  - supports SSL with OpenSSL/1.1.1
LogInit:  - supports HTTP deflate (compression) using libz 1.2.8
LogInit:  - other features:
LogInit:      CURL_VERSION_SSL
LogInit:      CURL_VERSION_LIBZ
LogInit:      CURL_VERSION_IPV6
LogInit:      CURL_VERSION_ASYNCHDNS
LogInit:      CURL_VERSION_LARGEFILE
LogInit:      CURL_VERSION_IDN
LogInit:  CurlRequestOptions (configurable via config and command line):
LogInit:  - bVerifyPeer = true  - Libcurl will verify peer certificate
LogInit:  - bUseHttpProxy = false  - Libcurl will NOT use HTTP proxy
LogInit:  - bDontReuseConnections = false  - Libcurl will reuse connections
LogInit:  - MaxHostConnections = 16  - Libcurl will limit the number of connections to a host
LogInit:  - LocalHostAddr = Default
LogInit:  - BufferSize = 65536
LogOnline: OSS: Creating online subsystem instance for: NULL
LogInit: WinSock: version 1.1 (2.2), MaxSocks=32767, MaxUdp=65467
LogOnline: OSS: TryLoadSubsystemAndSetDefault: Loaded subsystem for module [NULL]
PixWinPlugin: PIX capture plugin failed to initialize! Check that the process is launched from PIX.
LogInit: Build: ++UE4+Release-4.27-CL-18319896
LogInit: Engine Version: 4.27.2-18319896+++UE4+Release-4.27
LogInit: Compatible Engine Version: 4.27.0-17155196+++UE4+Release-4.27
LogInit: Net CL: 17155196
LogInit: OS: Windows 10 (Release 2009) (), CPU: Intel(R) Core(TM) i7-8700 CPU @ 3.20GHz, GPU: NVIDIA TITAN Xp
LogInit: Compiled (64-bit): Nov 30 2021 07:12:08
LogInit: Compiled with Visual C++: 19.24.28315.00
LogInit: Build Configuration: Development
LogInit: Branch Name: ++UE4+Release-4.27
LogInit: Command Line:  C:\Users\porygon2\Desktop\unrealhandgrasp\UnrealHandGrasp.uproject -run=VisualStudioTools -unattended -noshadercompile -nosound -nullrhi -nocpuprofilertrace -nocrashreports -nosplash -ddc=noshared -output=C:\Users\porygon2\AppData\Local\Temp\tmp7E38.tmp
LogInit: Base Directory: C:/Program Files/Epic Games/UE_4.27/Engine/Binaries/Win64/
LogInit: Allocator: TBB
LogInit: Installed Engine Build: 1
LogDevObjectVersion: Number of dev versions registered: 29
LogDevObjectVersion:   Dev-Blueprints (B0D832E4-1F89-4F0D-ACCF-7EB736FD4AA2): 10
LogDevObjectVersion:   Dev-Build (E1C64328-A22C-4D53-A36C-8E866417BD8C): 0
LogDevObjectVersion:   Dev-Core (375EC13C-06E4-48FB-B500-84F0262A717E): 4
LogDevObjectVersion:   Dev-Editor (E4B068ED-F494-42E9-A231-DA0B2E46BB41): 40
LogDevObjectVersion:   Dev-Framework (CFFC743F-43B0-4480-9391-14DF171D2073): 37
LogDevObjectVersion:   Dev-Mobile (B02B49B5-BB20-44E9-A304-32B752E40360): 3
LogDevObjectVersion:   Dev-Networking (A4E4105C-59A1-49B5-A7C5-40C4547EDFEE): 0
LogDevObjectVersion:   Dev-Online (39C831C9-5AE6-47DC-9A44-9C173E1C8E7C): 0
LogDevObjectVersion:   Dev-Physics (78F01B33-EBEA-4F98-B9B4-84EACCB95AA2): 14
LogDevObjectVersion:   Dev-Platform (6631380F-2D4D-43E0-8009-CF276956A95A): 0
LogDevObjectVersion:   Dev-Rendering (12F88B9F-8875-4AFC-A67C-D90C383ABD29): 45
LogDevObjectVersion:   Dev-Sequencer (7B5AE74C-D270-4C10-A958-57980B212A5A): 13
LogDevObjectVersion:   Dev-VR (D7296918-1DD6-4BDD-9DE2-64A83CC13884): 3
LogDevObjectVersion:   Dev-LoadTimes (C2A15278-BFE7-4AFE-6C17-90FF531DF755): 1
LogDevObjectVersion:   Private-Geometry (6EACA3D4-40EC-4CC1-B786-8BED09428FC5): 3
LogDevObjectVersion:   Dev-AnimPhys (29E575DD-E0A3-4627-9D10-D276232CDCEA): 17
LogDevObjectVersion:   Dev-Anim (AF43A65D-7FD3-4947-9873-3E8ED9C1BB05): 15
LogDevObjectVersion:   Dev-ReflectionCapture (6B266CEC-1EC7-4B8F-A30B-E4D90942FC07): 1
LogDevObjectVersion:   Dev-Automation (0DF73D61-A23F-47EA-B727-89E90C41499A): 1
LogDevObjectVersion:   FortniteMain (601D1886-AC64-4F84-AA16-D3DE0DEAC7D6): 47
LogDevObjectVersion:   FortniteRelease (E7086368-6B23-4C58-8439-1B7016265E91): 1
LogDevObjectVersion:   Dev-Enterprise (9DFFBCD6-494F-0158-E221-12823C92A888): 10
LogDevObjectVersion:   Dev-Niagara (F2AED0AC-9AFE-416F-8664-AA7FFA26D6FC): 1
LogDevObjectVersion:   Dev-Destruction (174F1F0B-B4C6-45A5-B13F-2EE8D0FB917D): 10
LogDevObjectVersion:   Dev-Physics-Ext (35F94A83-E258-406C-A318-09F59610247C): 41
LogDevObjectVersion:   Dev-PhysicsMaterial-Chaos (B68FC16E-8B1B-42E2-B453-215C058844FE): 1
LogDevObjectVersion:   Dev-CineCamera (B2E18506-4273-CFC2-A54E-F4BB758BBA07): 1
LogDevObjectVersion:   Dev-VirtualProduction (64F58936-FD1B-42BA-BA96-7289D5D0FA4E): 1
LogDevObjectVersion:   Dev-MediaFramework (6F0ED827-A609-4895-9C91-998D90180EA4): 2
LogInit: Presizing for max 25165824 objects, including 0 objects not considered by GC, pre-allocating 0 bytes for permanent pool.
LogConfig: Applying CVar settings from Section [/Script/Engine.StreamingSettings] File [C:/Users/porygon2/Desktop/unrealhandgrasp/Saved/Config/Windows/Engine.ini]
LogConfig: Setting CVar [[s.MinBulkDataSizeForAsyncLoading:131072]]
LogConfig: Setting CVar [[s.AsyncLoadingThreadEnabled:0]]
LogConfig: Setting CVar [[s.EventDrivenLoaderEnabled:1]]
LogConfig: Setting CVar [[s.WarnIfTimeLimitExceeded:0]]
LogConfig: Setting CVar [[s.TimeLimitExceededMultiplier:1.5]]
LogConfig: Setting CVar [[s.TimeLimitExceededMinTime:0.005]]
LogConfig: Setting CVar [[s.UseBackgroundLevelStreaming:1]]
LogConfig: Setting CVar [[s.PriorityAsyncLoadingExtraTime:15.0]]
LogConfig: Setting CVar [[s.LevelStreamingActorsUpdateTimeLimit:5.0]]
LogConfig: Setting CVar [[s.PriorityLevelStreamingActorsUpdateExtraTime:5.0]]
LogConfig: Setting CVar [[s.LevelStreamingComponentsRegistrationGranularity:10]]
LogConfig: Setting CVar [[s.UnregisterComponentsTimeLimit:1.0]]
LogConfig: Setting CVar [[s.LevelStreamingComponentsUnregistrationGranularity:5]]
LogConfig: Setting CVar [[s.FlushStreamingOnExit:1]]
LogInit: Object subsystem initialized
LogConfig: Setting CVar [[con.DebugEarlyDefault:1]]
LogConfig: Setting CVar [[r.setres:1280x720]]
[2023.03.10-11.28.53:420][  0]LogConfig: Setting CVar [[con.DebugEarlyDefault:1]]
[2023.03.10-11.28.53:420][  0]LogConfig: Setting CVar [[r.setres:1280x720]]
[2023.03.10-11.28.53:420][  0]LogConfig: Applying CVar settings from Section [/Script/Engine.RendererSettings] File [C:/Users/porygon2/Desktop/unrealhandgrasp/Saved/Config/Windows/Engine.ini]
[2023.03.10-11.28.53:420][  0]LogConfig: Setting CVar [[r.GPUCrashDebugging:0]]
[2023.03.10-11.28.53:420][  0]LogConfig: Applying CVar settings from Section [/Script/Engine.RendererOverrideSettings] File [C:/Users/porygon2/Desktop/unrealhandgrasp/Saved/Config/Windows/Engine.ini]
[2023.03.10-11.28.53:420][  0]LogConfig: Applying CVar settings from Section [/Script/Engine.StreamingSettings] File [C:/Users/porygon2/Desktop/unrealhandgrasp/Saved/Config/Windows/Engine.ini]
[2023.03.10-11.28.53:420][  0]LogConfig: Setting CVar [[s.MinBulkDataSizeForAsyncLoading:131072]]
[2023.03.10-11.28.53:420][  0]LogConfig: Setting CVar [[s.AsyncLoadingThreadEnabled:0]]
[2023.03.10-11.28.53:420][  0]LogConfig: Setting CVar [[s.EventDrivenLoaderEnabled:1]]
[2023.03.10-11.28.53:420][  0]LogConfig: Setting CVar [[s.WarnIfTimeLimitExceeded:0]]
[2023.03.10-11.28.53:420][  0]LogConfig: Setting CVar [[s.TimeLimitExceededMultiplier:1.5]]
[2023.03.10-11.28.53:420][  0]LogConfig: Setting CVar [[s.TimeLimitExceededMinTime:0.005]]
[2023.03.10-11.28.53:420][  0]LogConfig: Setting CVar [[s.UseBackgroundLevelStreaming:1]]
[2023.03.10-11.28.53:420][  0]LogConfig: Setting CVar [[s.PriorityAsyncLoadingExtraTime:15.0]]
[2023.03.10-11.28.53:420][  0]LogConfig: Setting CVar [[s.LevelStreamingActorsUpdateTimeLimit:5.0]]
[2023.03.10-11.28.53:420][  0]LogConfig: Setting CVar [[s.PriorityLevelStreamingActorsUpdateExtraTime:5.0]]
[2023.03.10-11.28.53:420][  0]LogConfig: Setting CVar [[s.LevelStreamingComponentsRegistrationGranularity:10]]
[2023.03.10-11.28.53:420][  0]LogConfig: Setting CVar [[s.UnregisterComponentsTimeLimit:1.0]]
[2023.03.10-11.28.53:420][  0]LogConfig: Setting CVar [[s.LevelStreamingComponentsUnregistrationGranularity:5]]
[2023.03.10-11.28.53:420][  0]LogConfig: Setting CVar [[s.FlushStreamingOnExit:1]]
[2023.03.10-11.28.53:420][  0]LogConfig: Applying CVar settings from Section [/Script/Engine.GarbageCollectionSettings] File [C:/Users/porygon2/Desktop/unrealhandgrasp/Saved/Config/Windows/Engine.ini]
[2023.03.10-11.28.53:420][  0]LogConfig: Setting CVar [[gc.MaxObjectsNotConsideredByGC:1]]
[2023.03.10-11.28.53:420][  0]LogConfig: Setting CVar [[gc.SizeOfPermanentObjectPool:0]]
[2023.03.10-11.28.53:420][  0]LogConfig: Setting CVar [[gc.FlushStreamingOnGC:0]]
[2023.03.10-11.28.53:420][  0]LogConfig: Setting CVar [[gc.NumRetriesBeforeForcingGC:10]]
[2023.03.10-11.28.53:420][  0]LogConfig: Setting CVar [[gc.AllowParallelGC:1]]
[2023.03.10-11.28.53:420][  0]LogConfig: Setting CVar [[gc.TimeBetweenPurgingPendingKillObjects:61.1]]
[2023.03.10-11.28.53:420][  0]LogConfig: Setting CVar [[gc.MaxObjectsInEditor:25165824]]
[2023.03.10-11.28.53:420][  0]LogConfig: Setting CVar [[gc.IncrementalBeginDestroyEnabled:1]]
[2023.03.10-11.28.53:420][  0]LogConfig: Setting CVar [[gc.CreateGCClusters:1]]
[2023.03.10-11.28.53:420][  0]LogConfig: Setting CVar [[gc.MinGCClusterSize:5]]
[2023.03.10-11.28.53:420][  0]LogConfig: Setting CVar [[gc.ActorClusteringEnabled:0]]
[2023.03.10-11.28.53:420][  0]LogConfig: Setting CVar [[gc.BlueprintClusteringEnabled:0]]
[2023.03.10-11.28.53:420][  0]LogConfig: Setting CVar [[gc.UseDisregardForGCOnDedicatedServers:0]]
[2023.03.10-11.28.53:420][  0]LogConfig: Setting CVar [[gc.MultithreadedDestructionEnabled:1]]
[2023.03.10-11.28.53:420][  0]LogConfig: Applying CVar settings from Section [/Script/Engine.NetworkSettings] File [C:/Users/porygon2/Desktop/unrealhandgrasp/Saved/Config/Windows/Engine.ini]
[2023.03.10-11.28.53:420][  0]LogConfig: Applying CVar settings from Section [/Script/UnrealEd.CookerSettings] File [C:/Users/porygon2/Desktop/unrealhandgrasp/Saved/Config/Windows/Engine.ini]
[2023.03.10-11.28.53:420][  0]LogConfig: Applying CVar settings from Section [ViewDistanceQuality@3] File [C:/Users/porygon2/Desktop/unrealhandgrasp/Saved/Config/Windows/Scalability.ini]
[2023.03.10-11.28.53:420][  0]LogConfig: Setting CVar [[r.SkeletalMeshLODBias:0]]
[2023.03.10-11.28.53:420][  0]LogConfig: Setting CVar [[r.ViewDistanceScale:1.0]]
[2023.03.10-11.28.53:420][  0]LogConfig: Applying CVar settings from Section [AntiAliasingQuality@3] File [C:/Users/porygon2/Desktop/unrealhandgrasp/Saved/Config/Windows/Scalability.ini]
[2023.03.10-11.28.53:420][  0]LogConfig: Setting CVar [[r.PostProcessAAQuality:4]]
[2023.03.10-11.28.53:420][  0]LogConfig: Applying CVar settings from Section [ShadowQuality@3] File [C:/Users/porygon2/Desktop/unrealhandgrasp/Saved/Config/Windows/Scalability.ini]
[2023.03.10-11.28.53:420][  0]LogConfig: Setting CVar [[r.LightFunctionQuality:1]]
[2023.03.10-11.28.53:420][  0]LogConfig: Setting CVar [[r.ShadowQuality:5]]
[2023.03.10-11.28.53:420][  0]LogConfig: Setting CVar [[r.Shadow.CSM.MaxCascades:10]]
[2023.03.10-11.28.53:420][  0]LogConfig: Setting CVar [[r.Shadow.MaxResolution:2048]]
[2023.03.10-11.28.53:420][  0]LogConfig: Setting CVar [[r.Shadow.MaxCSMResolution:2048]]
[2023.03.10-11.28.53:420][  0]LogConfig: Setting CVar [[r.Shadow.RadiusThreshold:0.01]]
[2023.03.10-11.28.53:420][  0]LogConfig: Setting CVar [[r.Shadow.DistanceScale:1.0]]
[2023.03.10-11.28.53:420][  0]LogConfig: Setting CVar [[r.Shadow.CSM.TransitionScale:1.0]]
[2023.03.10-11.28.53:420][  0]LogConfig: Setting CVar [[r.Shadow.PreShadowResolutionFactor:1.0]]
[2023.03.10-11.28.53:420][  0]LogConfig: Setting CVar [[r.DistanceFieldShadowing:1]]
[2023.03.10-11.28.53:420][  0]LogConfig: Setting CVar [[r.DistanceFieldAO:1]]
[2023.03.10-11.28.53:420][  0]LogConfig: Setting CVar [[r.AOQuality:2]]
[2023.03.10-11.28.53:420][  0]LogConfig: Setting CVar [[r.VolumetricFog:1]]
[2023.03.10-11.28.53:420][  0]LogConfig: Setting CVar [[r.VolumetricFog.GridPixelSize:8]]
[2023.03.10-11.28.53:420][  0]LogConfig: Setting CVar [[r.VolumetricFog.GridSizeZ:128]]
[2023.03.10-11.28.53:420][  0]LogConfig: Setting CVar [[r.VolumetricFog.HistoryMissSupersampleCount:4]]
[2023.03.10-11.28.53:420][  0]LogConfig: Setting CVar [[r.LightMaxDrawDistanceScale:1]]
[2023.03.10-11.28.53:420][  0]LogConfig: Setting CVar [[r.CapsuleShadows:1]]
[2023.03.10-11.28.53:420][  0]LogConfig: Applying CVar settings from Section [PostProcessQuality@3] File [C:/Users/porygon2/Desktop/unrealhandgrasp/Saved/Config/Windows/Scalability.ini]
[2023.03.10-11.28.53:420][  0]LogConfig: Setting CVar [[r.MotionBlurQuality:4]]
[2023.03.10-11.28.53:420][  0]LogConfig: Setting CVar [[r.AmbientOcclusionMipLevelFactor:0.4]]
[2023.03.10-11.28.53:420][  0]LogConfig: Setting CVar [[r.AmbientOcclusionMaxQuality:100]]
[2023.03.10-11.28.53:420][  0]LogConfig: Setting CVar [[r.AmbientOcclusionLevels:-1]]
[2023.03.10-11.28.53:420][  0]LogConfig: Setting CVar [[r.AmbientOcclusionRadiusScale:1.0]]
[2023.03.10-11.28.53:420][  0]LogConfig: Setting CVar [[r.DepthOfFieldQuality:2]]
[2023.03.10-11.28.53:420][  0]LogConfig: Setting CVar [[r.RenderTargetPoolMin:400]]
[2023.03.10-11.28.53:420][  0]LogConfig: Setting CVar [[r.LensFlareQuality:2]]
[2023.03.10-11.28.53:420][  0]LogConfig: Setting CVar [[r.SceneColorFringeQuality:1]]
[2023.03.10-11.28.53:420][  0]LogConfig: Setting CVar [[r.EyeAdaptationQuality:2]]
[2023.03.10-11.28.53:420][  0]LogConfig: Setting CVar [[r.BloomQuality:5]]
[2023.03.10-11.28.53:420][  0]LogConfig: Setting CVar [[r.FastBlurThreshold:100]]
[2023.03.10-11.28.53:420][  0]LogConfig: Setting CVar [[r.Upscale.Quality:3]]
[2023.03.10-11.28.53:420][  0]LogConfig: Setting CVar [[r.Tonemapper.GrainQuantization:1]]
[2023.03.10-11.28.53:420][  0]LogConfig: Setting CVar [[r.LightShaftQuality:1]]
[2023.03.10-11.28.53:420][  0]LogConfig: Setting CVar [[r.Filter.SizeScale:1]]
[2023.03.10-11.28.53:421][  0]LogConfig: Setting CVar [[r.Tonemapper.Quality:5]]
[2023.03.10-11.28.53:421][  0]LogConfig: Setting CVar [[r.DOF.Gather.AccumulatorQuality:1        ; higher gathering accumulator quality]]
[2023.03.10-11.28.53:421][  0]LogConfig: Setting CVar [[r.DOF.Gather.PostfilterMethod:1          ; Median3x3 postfilering method]]
[2023.03.10-11.28.53:421][  0]LogConfig: Setting CVar [[r.DOF.Gather.EnableBokehSettings:0       ; no bokeh simulation when gathering]]
[2023.03.10-11.28.53:421][  0]LogConfig: Setting CVar [[r.DOF.Gather.RingCount:4                 ; medium number of samples when gathering]]
[2023.03.10-11.28.53:421][  0]LogConfig: Setting CVar [[r.DOF.Scatter.ForegroundCompositing:1    ; additive foreground scattering]]
[2023.03.10-11.28.53:421][  0]LogConfig: Setting CVar [[r.DOF.Scatter.BackgroundCompositing:2    ; additive background scattering]]
[2023.03.10-11.28.53:421][  0]LogConfig: Setting CVar [[r.DOF.Scatter.EnableBokehSettings:1      ; bokeh simulation when scattering]]
[2023.03.10-11.28.53:421][  0]LogConfig: Setting CVar [[r.DOF.Scatter.MaxSpriteRatio:0.1         ; only a maximum of 10% of scattered bokeh]]
[2023.03.10-11.28.53:421][  0]LogConfig: Setting CVar [[r.DOF.Recombine.Quality:1                ; cheap slight out of focus]]
[2023.03.10-11.28.53:421][  0]LogConfig: Setting CVar [[r.DOF.Recombine.EnableBokehSettings:0    ; no bokeh simulation on slight out of focus]]
[2023.03.10-11.28.53:421][  0]LogConfig: Setting CVar [[r.DOF.TemporalAAQuality:1                ; more stable temporal accumulation]]
[2023.03.10-11.28.53:421][  0]LogConfig: Setting CVar [[r.DOF.Kernel.MaxForegroundRadius:0.025]]
[2023.03.10-11.28.53:421][  0]LogConfig: Setting CVar [[r.DOF.Kernel.MaxBackgroundRadius:0.025]]
[2023.03.10-11.28.53:421][  0]LogConfig: Applying CVar settings from Section [TextureQuality@3] File [C:/Users/porygon2/Desktop/unrealhandgrasp/Saved/Config/Windows/Scalability.ini]
[2023.03.10-11.28.53:421][  0]LogConfig: Setting CVar [[r.Streaming.MipBias:0]]
[2023.03.10-11.28.53:421][  0]LogConfig: Setting CVar [[r.Streaming.AmortizeCPUToGPUCopy:0]]
[2023.03.10-11.28.53:421][  0]LogConfig: Setting CVar [[r.Streaming.MaxNumTexturesToStreamPerFrame:0]]
[2023.03.10-11.28.53:421][  0]LogConfig: Setting CVar [[r.Streaming.Boost:1]]
[2023.03.10-11.28.53:421][  0]LogConfig: Setting CVar [[r.MaxAnisotropy:8]]
[2023.03.10-11.28.53:421][  0]LogConfig: Setting CVar [[r.VT.MaxAnisotropy:8]]
[2023.03.10-11.28.53:421][  0]LogConfig: Setting CVar [[r.Streaming.LimitPoolSizeToVRAM:0]]
[2023.03.10-11.28.53:421][  0]LogConfig: Setting CVar [[r.Streaming.PoolSize:1000]]
[2023.03.10-11.28.53:421][  0]LogConfig: Setting CVar [[r.Streaming.MaxEffectiveScreenSize:0]]
[2023.03.10-11.28.53:421][  0]LogConfig: Applying CVar settings from Section [EffectsQuality@3] File [C:/Users/porygon2/Desktop/unrealhandgrasp/Saved/Config/Windows/Scalability.ini]
[2023.03.10-11.28.53:421][  0]LogConfig: Setting CVar [[r.TranslucencyLightingVolumeDim:64]]
[2023.03.10-11.28.53:421][  0]LogConfig: Setting CVar [[r.RefractionQuality:2]]
[2023.03.10-11.28.53:421][  0]LogConfig: Setting CVar [[r.SSR.Quality:3]]
[2023.03.10-11.28.53:421][  0]LogConfig: Setting CVar [[r.SSR.HalfResSceneColor:0]]
[2023.03.10-11.28.53:421][  0]LogConfig: Setting CVar [[r.SceneColorFormat:4]]
[2023.03.10-11.28.53:421][  0]LogConfig: Setting CVar [[r.DetailMode:2]]
[2023.03.10-11.28.53:421][  0]LogConfig: Setting CVar [[r.TranslucencyVolumeBlur:1]]
[2023.03.10-11.28.53:421][  0]LogConfig: Setting CVar [[r.MaterialQualityLevel:1 ; High quality]]
[2023.03.10-11.28.53:421][  0]LogConfig: Setting CVar [[r.AnisotropicMaterials:1]]
[2023.03.10-11.28.53:421][  0]LogConfig: Setting CVar [[r.SSS.Scale:1]]
[2023.03.10-11.28.53:421][  0]LogConfig: Setting CVar [[r.SSS.SampleSet:2]]
[2023.03.10-11.28.53:421][  0]LogConfig: Setting CVar [[r.SSS.Quality:1]]
[2023.03.10-11.28.53:421][  0]LogConfig: Setting CVar [[r.SSS.HalfRes:0]]
[2023.03.10-11.28.53:421][  0]LogConfig: Setting CVar [[r.SSGI.Quality:3]]
[2023.03.10-11.28.53:421][  0]LogConfig: Setting CVar [[r.EmitterSpawnRateScale:1.0]]
[2023.03.10-11.28.53:421][  0]LogConfig: Setting CVar [[r.ParticleLightQuality:2]]
[2023.03.10-11.28.53:421][  0]LogConfig: Setting CVar [[r.SkyAtmosphere.AerialPerspectiveLUT.FastApplyOnOpaque:1 ; Always have FastSkyLUT 1 in this case to avoid wrong sky]]
[2023.03.10-11.28.53:421][  0]LogConfig: Setting CVar [[r.SkyAtmosphere.AerialPerspectiveLUT.SampleCountMaxPerSlice:4]]
[2023.03.10-11.28.53:421][  0]LogConfig: Setting CVar [[r.SkyAtmosphere.AerialPerspectiveLUT.DepthResolution:16.0]]
[2023.03.10-11.28.53:421][  0]LogConfig: Setting CVar [[r.SkyAtmosphere.FastSkyLUT:1]]
[2023.03.10-11.28.53:421][  0]LogConfig: Setting CVar [[r.SkyAtmosphere.FastSkyLUT.SampleCountMin:4.0]]
[2023.03.10-11.28.53:421][  0]LogConfig: Setting CVar [[r.SkyAtmosphere.FastSkyLUT.SampleCountMax:128.0]]
[2023.03.10-11.28.53:421][  0]LogConfig: Setting CVar [[r.SkyAtmosphere.SampleCountMin:4.0]]
[2023.03.10-11.28.53:421][  0]LogConfig: Setting CVar [[r.SkyAtmosphere.SampleCountMax:128.0]]
[2023.03.10-11.28.53:421][  0]LogConfig: Setting CVar [[r.SkyAtmosphere.TransmittanceLUT.UseSmallFormat:0]]
[2023.03.10-11.28.53:421][  0]LogConfig: Setting CVar [[r.SkyAtmosphere.TransmittanceLUT.SampleCount:10.0]]
[2023.03.10-11.28.53:421][  0]LogConfig: Setting CVar [[r.SkyAtmosphere.MultiScatteringLUT.SampleCount:15.0]]
[2023.03.10-11.28.53:421][  0]LogConfig: Setting CVar [[r.SkyLight.RealTimeReflectionCapture:1]]
[2023.03.10-11.28.53:421][  0]LogConfig: Applying CVar settings from Section [FoliageQuality@3] File [C:/Users/porygon2/Desktop/unrealhandgrasp/Saved/Config/Windows/Scalability.ini]
[2023.03.10-11.28.53:421][  0]LogConfig: Setting CVar [[foliage.DensityScale:1.0]]
[2023.03.10-11.28.53:421][  0]LogConfig: Setting CVar [[grass.DensityScale:1.0]]
[2023.03.10-11.28.53:421][  0]LogConfig: Applying CVar settings from Section [ShadingQuality@3] File [C:/Users/porygon2/Desktop/unrealhandgrasp/Saved/Config/Windows/Scalability.ini]
[2023.03.10-11.28.53:421][  0]LogConfig: Setting CVar [[r.HairStrands.SkyLighting.IntegrationType:2]]
[2023.03.10-11.28.53:421][  0]LogConfig: Setting CVar [[r.HairStrands.SkyAO.SampleCount:4]]
[2023.03.10-11.28.53:421][  0]LogConfig: Setting CVar [[r.HairStrands.Visibility.MSAA.SamplePerPixel:4]]
[2023.03.10-11.28.53:423][  0]LogInit: Selected Device Profile: [Windows]
[2023.03.10-11.28.53:423][  0]LogInit: Applying CVar settings loaded from the selected device profile: [Windows]
[2023.03.10-11.28.53:423][  0]LogHAL: Display: Platform has ~ 16 GB [17090465792 / 17179869184 / 16], which maps to Larger [LargestMinGB=32, LargerMinGB=12, DefaultMinGB=8, SmallerMinGB=6, SmallestMinGB=0)
[2023.03.10-11.28.53:423][  0]LogInit: Going up to parent DeviceProfile []
[2023.03.10-11.28.53:423][  0]LogConfig: Applying CVar settings from Section [ViewDistanceQuality@3] File [C:/Users/porygon2/Desktop/unrealhandgrasp/Saved/Config/Windows/Scalability.ini]
[2023.03.10-11.28.53:423][  0]LogConfig: Setting CVar [[r.SkeletalMeshLODBias:0]]
[2023.03.10-11.28.53:423][  0]LogConfig: Setting CVar [[r.ViewDistanceScale:1.0]]
[2023.03.10-11.28.53:423][  0]LogConfig: Applying CVar settings from Section [AntiAliasingQuality@3] File [C:/Users/porygon2/Desktop/unrealhandgrasp/Saved/Config/Windows/Scalability.ini]
[2023.03.10-11.28.53:423][  0]LogConfig: Setting CVar [[r.PostProcessAAQuality:4]]
[2023.03.10-11.28.53:423][  0]LogConfig: Applying CVar settings from Section [ShadowQuality@3] File [C:/Users/porygon2/Desktop/unrealhandgrasp/Saved/Config/Windows/Scalability.ini]
[2023.03.10-11.28.53:423][  0]LogConfig: Setting CVar [[r.LightFunctionQuality:1]]
[2023.03.10-11.28.53:423][  0]LogConfig: Setting CVar [[r.ShadowQuality:5]]
[2023.03.10-11.28.53:423][  0]LogConfig: Setting CVar [[r.Shadow.CSM.MaxCascades:10]]
[2023.03.10-11.28.53:423][  0]LogConfig: Setting CVar [[r.Shadow.MaxResolution:2048]]
[2023.03.10-11.28.53:423][  0]LogConfig: Setting CVar [[r.Shadow.MaxCSMResolution:2048]]
[2023.03.10-11.28.53:423][  0]LogConfig: Setting CVar [[r.Shadow.RadiusThreshold:0.01]]
[2023.03.10-11.28.53:423][  0]LogConfig: Setting CVar [[r.Shadow.DistanceScale:1.0]]
[2023.03.10-11.28.53:423][  0]LogConfig: Setting CVar [[r.Shadow.CSM.TransitionScale:1.0]]
[2023.03.10-11.28.53:423][  0]LogConfig: Setting CVar [[r.Shadow.PreShadowResolutionFactor:1.0]]
[2023.03.10-11.28.53:423][  0]LogConfig: Setting CVar [[r.DistanceFieldShadowing:1]]
[2023.03.10-11.28.53:424][  0]LogConfig: Setting CVar [[r.DistanceFieldAO:1]]
[2023.03.10-11.28.53:424][  0]LogConfig: Setting CVar [[r.AOQuality:2]]
[2023.03.10-11.28.53:424][  0]LogConfig: Setting CVar [[r.VolumetricFog:1]]
[2023.03.10-11.28.53:424][  0]LogConfig: Setting CVar [[r.VolumetricFog.GridPixelSize:8]]
[2023.03.10-11.28.53:424][  0]LogConfig: Setting CVar [[r.VolumetricFog.GridSizeZ:128]]
[2023.03.10-11.28.53:424][  0]LogConfig: Setting CVar [[r.VolumetricFog.HistoryMissSupersampleCount:4]]
[2023.03.10-11.28.53:424][  0]LogConfig: Setting CVar [[r.LightMaxDrawDistanceScale:1]]
[2023.03.10-11.28.53:424][  0]LogConfig: Setting CVar [[r.CapsuleShadows:1]]
[2023.03.10-11.28.53:424][  0]LogConfig: Applying CVar settings from Section [PostProcessQuality@3] File [C:/Users/porygon2/Desktop/unrealhandgrasp/Saved/Config/Windows/Scalability.ini]
[2023.03.10-11.28.53:424][  0]LogConfig: Setting CVar [[r.MotionBlurQuality:4]]
[2023.03.10-11.28.53:424][  0]LogConfig: Setting CVar [[r.AmbientOcclusionMipLevelFactor:0.4]]
[2023.03.10-11.28.53:424][  0]LogConfig: Setting CVar [[r.AmbientOcclusionMaxQuality:100]]
[2023.03.10-11.28.53:424][  0]LogConfig: Setting CVar [[r.AmbientOcclusionLevels:-1]]
[2023.03.10-11.28.53:424][  0]LogConfig: Setting CVar [[r.AmbientOcclusionRadiusScale:1.0]]
[2023.03.10-11.28.53:424][  0]LogConfig: Setting CVar [[r.DepthOfFieldQuality:2]]
[2023.03.10-11.28.53:424][  0]LogConfig: Setting CVar [[r.RenderTargetPoolMin:400]]
[2023.03.10-11.28.53:424][  0]LogConfig: Setting CVar [[r.LensFlareQuality:2]]
[2023.03.10-11.28.53:424][  0]LogConfig: Setting CVar [[r.SceneColorFringeQuality:1]]
[2023.03.10-11.28.53:424][  0]LogConfig: Setting CVar [[r.EyeAdaptationQuality:2]]
[2023.03.10-11.28.53:424][  0]LogConfig: Setting CVar [[r.BloomQuality:5]]
[2023.03.10-11.28.53:424][  0]LogConfig: Setting CVar [[r.FastBlurThreshold:100]]
[2023.03.10-11.28.53:424][  0]LogConfig: Setting CVar [[r.Upscale.Quality:3]]
[2023.03.10-11.28.53:424][  0]LogConfig: Setting CVar [[r.Tonemapper.GrainQuantization:1]]
[2023.03.10-11.28.53:424][  0]LogConfig: Setting CVar [[r.LightShaftQuality:1]]
[2023.03.10-11.28.53:424][  0]LogConfig: Setting CVar [[r.Filter.SizeScale:1]]
[2023.03.10-11.28.53:424][  0]LogConfig: Setting CVar [[r.Tonemapper.Quality:5]]
[2023.03.10-11.28.53:424][  0]LogConfig: Setting CVar [[r.DOF.Gather.AccumulatorQuality:1        ; higher gathering accumulator quality]]
[2023.03.10-11.28.53:424][  0]LogConfig: Setting CVar [[r.DOF.Gather.PostfilterMethod:1          ; Median3x3 postfilering method]]
[2023.03.10-11.28.53:424][  0]LogConfig: Setting CVar [[r.DOF.Gather.EnableBokehSettings:0       ; no bokeh simulation when gathering]]
[2023.03.10-11.28.53:424][  0]LogConfig: Setting CVar [[r.DOF.Gather.RingCount:4                 ; medium number of samples when gathering]]
[2023.03.10-11.28.53:424][  0]LogConfig: Setting CVar [[r.DOF.Scatter.ForegroundCompositing:1    ; additive foreground scattering]]
[2023.03.10-11.28.53:424][  0]LogConfig: Setting CVar [[r.DOF.Scatter.BackgroundCompositing:2    ; additive background scattering]]
[2023.03.10-11.28.53:424][  0]LogConfig: Setting CVar [[r.DOF.Scatter.EnableBokehSettings:1      ; bokeh simulation when scattering]]
[2023.03.10-11.28.53:424][  0]LogConfig: Setting CVar [[r.DOF.Scatter.MaxSpriteRatio:0.1         ; only a maximum of 10% of scattered bokeh]]
[2023.03.10-11.28.53:424][  0]LogConfig: Setting CVar [[r.DOF.Recombine.Quality:1                ; cheap slight out of focus]]
[2023.03.10-11.28.53:424][  0]LogConfig: Setting CVar [[r.DOF.Recombine.EnableBokehSettings:0    ; no bokeh simulation on slight out of focus]]
[2023.03.10-11.28.53:424][  0]LogConfig: Setting CVar [[r.DOF.TemporalAAQuality:1                ; more stable temporal accumulation]]
[2023.03.10-11.28.53:424][  0]LogConfig: Setting CVar [[r.DOF.Kernel.MaxForegroundRadius:0.025]]
[2023.03.10-11.28.53:424][  0]LogConfig: Setting CVar [[r.DOF.Kernel.MaxBackgroundRadius:0.025]]
[2023.03.10-11.28.53:424][  0]LogConfig: Applying CVar settings from Section [TextureQuality@3] File [C:/Users/porygon2/Desktop/unrealhandgrasp/Saved/Config/Windows/Scalability.ini]
[2023.03.10-11.28.53:424][  0]LogConfig: Setting CVar [[r.Streaming.MipBias:0]]
[2023.03.10-11.28.53:424][  0]LogConfig: Setting CVar [[r.Streaming.AmortizeCPUToGPUCopy:0]]
[2023.03.10-11.28.53:424][  0]LogConfig: Setting CVar [[r.Streaming.MaxNumTexturesToStreamPerFrame:0]]
[2023.03.10-11.28.53:424][  0]LogConfig: Setting CVar [[r.Streaming.Boost:1]]
[2023.03.10-11.28.53:424][  0]LogConfig: Setting CVar [[r.MaxAnisotropy:8]]
[2023.03.10-11.28.53:424][  0]LogConfig: Setting CVar [[r.VT.MaxAnisotropy:8]]
[2023.03.10-11.28.53:424][  0]LogConfig: Setting CVar [[r.Streaming.LimitPoolSizeToVRAM:0]]
[2023.03.10-11.28.53:424][  0]LogConfig: Setting CVar [[r.Streaming.PoolSize:1000]]
[2023.03.10-11.28.53:424][  0]LogConfig: Setting CVar [[r.Streaming.MaxEffectiveScreenSize:0]]
[2023.03.10-11.28.53:424][  0]LogConfig: Applying CVar settings from Section [EffectsQuality@3] File [C:/Users/porygon2/Desktop/unrealhandgrasp/Saved/Config/Windows/Scalability.ini]
[2023.03.10-11.28.53:424][  0]LogConfig: Setting CVar [[r.TranslucencyLightingVolumeDim:64]]
[2023.03.10-11.28.53:424][  0]LogConfig: Setting CVar [[r.RefractionQuality:2]]
[2023.03.10-11.28.53:424][  0]LogConfig: Setting CVar [[r.SSR.Quality:3]]
[2023.03.10-11.28.53:424][  0]LogConfig: Setting CVar [[r.SSR.HalfResSceneColor:0]]
[2023.03.10-11.28.53:424][  0]LogConfig: Setting CVar [[r.SceneColorFormat:4]]
[2023.03.10-11.28.53:424][  0]LogConfig: Setting CVar [[r.DetailMode:2]]
[2023.03.10-11.28.53:424][  0]LogConfig: Setting CVar [[r.TranslucencyVolumeBlur:1]]
[2023.03.10-11.28.53:424][  0]LogConfig: Setting CVar [[r.MaterialQualityLevel:1 ; High quality]]
[2023.03.10-11.28.53:424][  0]LogConfig: Setting CVar [[r.AnisotropicMaterials:1]]
[2023.03.10-11.28.53:424][  0]LogConfig: Setting CVar [[r.SSS.Scale:1]]
[2023.03.10-11.28.53:424][  0]LogConfig: Setting CVar [[r.SSS.SampleSet:2]]
[2023.03.10-11.28.53:424][  0]LogConfig: Setting CVar [[r.SSS.Quality:1]]
[2023.03.10-11.28.53:424][  0]LogConfig: Setting CVar [[r.SSS.HalfRes:0]]
[2023.03.10-11.28.53:424][  0]LogConfig: Setting CVar [[r.SSGI.Quality:3]]
[2023.03.10-11.28.53:424][  0]LogConfig: Setting CVar [[r.EmitterSpawnRateScale:1.0]]
[2023.03.10-11.28.53:424][  0]LogConfig: Setting CVar [[r.ParticleLightQuality:2]]
[2023.03.10-11.28.53:424][  0]LogConfig: Setting CVar [[r.SkyAtmosphere.AerialPerspectiveLUT.FastApplyOnOpaque:1 ; Always have FastSkyLUT 1 in this case to avoid wrong sky]]
[2023.03.10-11.28.53:424][  0]LogConfig: Setting CVar [[r.SkyAtmosphere.AerialPerspectiveLUT.SampleCountMaxPerSlice:4]]
[2023.03.10-11.28.53:424][  0]LogConfig: Setting CVar [[r.SkyAtmosphere.AerialPerspectiveLUT.DepthResolution:16.0]]
[2023.03.10-11.28.53:424][  0]LogConfig: Setting CVar [[r.SkyAtmosphere.FastSkyLUT:1]]
[2023.03.10-11.28.53:424][  0]LogConfig: Setting CVar [[r.SkyAtmosphere.FastSkyLUT.SampleCountMin:4.0]]
[2023.03.10-11.28.53:424][  0]LogConfig: Setting CVar [[r.SkyAtmosphere.FastSkyLUT.SampleCountMax:128.0]]
[2023.03.10-11.28.53:424][  0]LogConfig: Setting CVar [[r.SkyAtmosphere.SampleCountMin:4.0]]
[2023.03.10-11.28.53:424][  0]LogConfig: Setting CVar [[r.SkyAtmosphere.SampleCountMax:128.0]]
[2023.03.10-11.28.53:424][  0]LogConfig: Setting CVar [[r.SkyAtmosphere.TransmittanceLUT.UseSmallFormat:0]]
[2023.03.10-11.28.53:424][  0]LogConfig: Setting CVar [[r.SkyAtmosphere.TransmittanceLUT.SampleCount:10.0]]
[2023.03.10-11.28.53:424][  0]LogConfig: Setting CVar [[r.SkyAtmosphere.MultiScatteringLUT.SampleCount:15.0]]
[2023.03.10-11.28.53:424][  0]LogConfig: Setting CVar [[r.SkyLight.RealTimeReflectionCapture:1]]
[2023.03.10-11.28.53:424][  0]LogConfig: Applying CVar settings from Section [FoliageQuality@3] File [C:/Users/porygon2/Desktop/unrealhandgrasp/Saved/Config/Windows/Scalability.ini]
[2023.03.10-11.28.53:424][  0]LogConfig: Setting CVar [[foliage.DensityScale:1.0]]
[2023.03.10-11.28.53:424][  0]LogConfig: Setting CVar [[grass.DensityScale:1.0]]
[2023.03.10-11.28.53:424][  0]LogConfig: Applying CVar settings from Section [ShadingQuality@3] File [C:/Users/porygon2/Desktop/unrealhandgrasp/Saved/Config/Windows/Scalability.ini]
[2023.03.10-11.28.53:424][  0]LogConfig: Setting CVar [[r.HairStrands.SkyLighting.IntegrationType:2]]
[2023.03.10-11.28.53:424][  0]LogConfig: Setting CVar [[r.HairStrands.SkyAO.SampleCount:4]]
[2023.03.10-11.28.53:424][  0]LogConfig: Setting CVar [[r.HairStrands.Visibility.MSAA.SamplePerPixel:4]]
[2023.03.10-11.28.53:424][  0]LogConfig: Applying CVar settings from Section [Startup] File [../../../Engine/Config/ConsoleVariables.ini]
[2023.03.10-11.28.53:425][  0]LogConfig: Setting CVar [[net.UseAdaptiveNetUpdateFrequency:0]]
[2023.03.10-11.28.53:425][  0]LogConfig: Setting CVar [[p.chaos.AllowCreatePhysxBodies:1]]
[2023.03.10-11.28.53:425][  0]LogConfig: Setting CVar [[fx.SkipVectorVMBackendOptimizations:1]]
[2023.03.10-11.28.53:425][  0]LogConfig: Applying CVar settings from Section [ConsoleVariables] File [C:/Users/porygon2/Desktop/unrealhandgrasp/Saved/Config/Windows/Engine.ini]
[2023.03.10-11.28.53:425][  0]LogConfig: Applying CVar settings from Section [ConsoleVariables] File [C:/Users/porygon2/Desktop/unrealhandgrasp/Saved/Config/Windows/Editor.ini]
[2023.03.10-11.28.53:425][  0]LogInit: Computer: GLACEON
[2023.03.10-11.28.53:425][  0]LogInit: User: porygon2
[2023.03.10-11.28.53:425][  0]LogInit: CPU Page size=4096, Cores=6
[2023.03.10-11.28.53:425][  0]LogInit: High frequency timer resolution =10.000000 MHz
[2023.03.10-11.28.53:425][  0]LogMemory: Memory total: Physical=15.9GB (16GB approx)
[2023.03.10-11.28.53:425][  0]LogMemory: Platform Memory Stats for Windows
[2023.03.10-11.28.53:425][  0]LogMemory: Process Physical Memory: 154.83 MB used, 154.83 MB peak
[2023.03.10-11.28.53:425][  0]LogMemory: Process Virtual Memory: 122.17 MB used, 122.17 MB peak
[2023.03.10-11.28.53:425][  0]LogMemory: Physical Memory: 9036.18 MB used,  7262.56 MB free, 16298.74 MB total
[2023.03.10-11.28.53:425][  0]LogMemory: Virtual Memory: 134210736.00 MB used,  6993.42 MB free, 134217728.00 MB total
[2023.03.10-11.28.53:429][  0]LogWindows: WindowsPlatformFeatures enabled
[2023.03.10-11.28.53:445][  0]LogInit: Physics initialised using underlying interface: PhysX
[2023.03.10-11.28.53:445][  0]LogInit: Overriding language with editor language configuration option (en).
[2023.03.10-11.28.53:445][  0]LogInit: Using OS detected locale (es-ES).
[2023.03.10-11.28.53:961][  0]LogTargetPlatformManager: Display: Loaded TargetPlatform 'AllDesktop'
[2023.03.10-11.28.53:981][  0]LogTargetPlatformManager: Display: Loaded TargetPlatform 'Android'
[2023.03.10-11.28.53:981][  0]LogTargetPlatformManager: Display: Loaded TargetPlatform 'Android_ASTC'
[2023.03.10-11.28.53:981][  0]LogTargetPlatformManager: Display: Loaded TargetPlatform 'Android_DXT'
[2023.03.10-11.28.53:981][  0]LogTargetPlatformManager: Display: Loaded TargetPlatform 'Android_ETC2'
[2023.03.10-11.28.53:981][  0]LogTargetPlatformManager: Display: Loaded TargetPlatform 'AndroidClient'
[2023.03.10-11.28.53:981][  0]LogTargetPlatformManager: Display: Loaded TargetPlatform 'Android_ASTCClient'
[2023.03.10-11.28.53:981][  0]LogTargetPlatformManager: Display: Loaded TargetPlatform 'Android_DXTClient'
[2023.03.10-11.28.53:981][  0]LogTargetPlatformManager: Display: Loaded TargetPlatform 'Android_ETC2Client'
[2023.03.10-11.28.53:981][  0]LogTargetPlatformManager: Display: Loaded TargetPlatform 'Android_Multi'
[2023.03.10-11.28.53:981][  0]LogTargetPlatformManager: Display: Loaded TargetPlatform 'Android_MultiClient'
[2023.03.10-11.28.54:016][  0]LogTargetPlatformManager: Display: Loaded TargetPlatform 'HoloLens'
[2023.03.10-11.28.54:031][  0]LogTargetPlatformManager: Display: Loaded TargetPlatform 'IOSClient'
[2023.03.10-11.28.54:031][  0]LogTargetPlatformManager: Display: Loaded TargetPlatform 'IOS'
[2023.03.10-11.28.54:040][  0]LogTargetPlatformManager: Display: Loaded TargetPlatform 'Linux'
[2023.03.10-11.28.54:044][  0]LogTargetPlatformManager: Display: Loaded TargetPlatform 'LinuxNoEditor'
[2023.03.10-11.28.54:048][  0]LogTargetPlatformManager: Display: Loaded TargetPlatform 'LinuxClient'
[2023.03.10-11.28.54:052][  0]LogTargetPlatformManager: Display: Loaded TargetPlatform 'LinuxServer'
[2023.03.10-11.28.54:062][  0]LogTargetPlatformManager: Display: Loaded TargetPlatform 'LinuxAArch64NoEditor'
[2023.03.10-11.28.54:065][  0]LogTargetPlatformManager: Display: Loaded TargetPlatform 'LinuxAArch64Client'
[2023.03.10-11.28.54:069][  0]LogTargetPlatformManager: Display: Loaded TargetPlatform 'LinuxAArch64Server'
[2023.03.10-11.28.54:093][  0]LogTargetPlatformManager: Display: Loaded TargetPlatform 'Lumin'
[2023.03.10-11.28.54:093][  0]LogTargetPlatformManager: Display: Loaded TargetPlatform 'LuminClient'
[2023.03.10-11.28.54:101][  0]LogTargetPlatformManager: Display: Loaded TargetPlatform 'MacNoEditor'
[2023.03.10-11.28.54:105][  0]LogTargetPlatformManager: Display: Loaded TargetPlatform 'Mac'
[2023.03.10-11.28.54:108][  0]LogTargetPlatformManager: Display: Loaded TargetPlatform 'MacClient'
[2023.03.10-11.28.54:111][  0]LogTargetPlatformManager: Display: Loaded TargetPlatform 'MacServer'
[2023.03.10-11.28.54:120][  0]LogTargetPlatformManager: Display: Loaded TargetPlatform 'TVOSClient'
[2023.03.10-11.28.54:120][  0]LogTargetPlatformManager: Display: Loaded TargetPlatform 'TVOS'
[2023.03.10-11.28.54:129][  0]LogTargetPlatformManager: Display: Loaded TargetPlatform 'WindowsNoEditor'
[2023.03.10-11.28.54:131][  0]LogTargetPlatformManager: Display: Loaded TargetPlatform 'Windows'
[2023.03.10-11.28.54:134][  0]LogTargetPlatformManager: Display: Loaded TargetPlatform 'WindowsClient'
[2023.03.10-11.28.54:138][  0]LogTargetPlatformManager: Display: Loaded TargetPlatform 'WindowsServer'
[2023.03.10-11.28.54:138][  0]LogTargetPlatformManager: Display: Building Assets For Windows
[2023.03.10-11.28.54:144][  0]LogAudioDebug: Display: Lib vorbis DLL was dynamically loaded.
[2023.03.10-11.28.54:168][  0]LogTextureFormatOodle: Display: Oodle Texture 2.9.0 init RDO Off
[2023.03.10-11.28.54:192][  0]LogRendererCore: Ray tracing is disabled. Reason: r.RayTracing=0.
[2023.03.10-11.28.54:193][  0]LogDerivedDataCache: Display: Max Cache Size: 512 MB
[2023.03.10-11.28.54:193][  0]LogDerivedDataCache: Display: Starting with empty Boot cache
[2023.03.10-11.28.54:193][  0]LogDerivedDataCache: FDerivedDataBackendGraph:  Pak pak cache file ../../../../../../Users/porygon2/Desktop/unrealhandgrasp/DerivedDataCache/DDC.ddp not found, will not use a pak cache.
[2023.03.10-11.28.54:193][  0]LogDerivedDataCache: Unable to find inner node Pak for hierarchical cache Hierarchy.
[2023.03.10-11.28.54:211][  0]LogDerivedDataCache: Speed tests for ../../../Engine/DerivedDataCache took 0.02 seconds
[2023.03.10-11.28.54:211][  0]LogDerivedDataCache: Display: Performance to ../../../Engine/DerivedDataCache: Latency=0.21ms. RandomReadSpeed=86.77MBs, RandomWriteSpeed=217.35MBs. Assigned SpeedClass 'Local'
[2023.03.10-11.28.54:212][  0]LogDerivedDataCache: Using Local data cache path ../../../Engine/DerivedDataCache: Writable
[2023.03.10-11.28.54:217][  0]LogAssetRegistry: FAssetRegistry took 0.0019 seconds to start up
[2023.03.10-11.28.54:483][  0]LogInit: Selected Device Profile: [Windows]
[2023.03.10-11.28.54:483][  0]LogInit: Active device profile: [0000029345871400][0000029342EE3A00 49] Windows
[2023.03.10-11.28.54:483][  0]LogInit: Profiles: [0000029345871400][0000029342EE3A00 49] Windows, [0000029345807F00][00000293393C7B80 49] WindowsNoEditor, [000002934582B900][0000029343180180 49] WindowsServer, [0000029345805500][0000029343184300 49] WindowsClient, [0000029345829500][0000029343188480 49] IOS, [0000029345804F00][000002934318C600 49] iPadAir, [0000029345829900][0000029343190780 49] iPadAir2, [00000293457C4200][000002933597E9C0 49] IPadPro, [00000293457C4300][00000293393C2A00 49] iPadAir3, [0000029345805400][0000029335988B40 49] iPadAir4, [00000293457C6D00][0000029335990CC0 49] iPadMini2, [0000029345806C00][0000029342F42E40 49] iPadMini3, [00000293457C4D00][0000029342F46FC0 49] iPadMini4, [0000029345804700][0000029342F4B140 49] iPadMini5, [00000293457AFB00][0000029342F53400 49] iPhone6, [00000293457AFC00][0000029342F4F440 49] iPodTouch6, [000002934582AE00][0000029342F5B700 49] iPhone7, [0000029345828900][0000029342F57740 49] iPodTouch7, [00000293457AC300][0000029342F5F8C0 49] iPhone5S, [00000293457C7A00][0000029342F63A40 49] iPhone6Plus, [00000293457ADF00][0000029342F67BC0 49] iPhone6S, [00000293457C4700][0000029342F6A1C0 49] iPhone6SPlus, [0000029345828200][0000029342F6E340 49] iPhone7Plus, [00000293457C6800][0000029342F724C0 49] iPhoneSE, [0000029345829200][0000029342F76640 49] iPhone8, [00000293457C4100][000002934460E7C0 49] iPhone8Plus, [000002934582B000][0000029344612940 49] iPhoneX, [00000293457C6A00][000002933598CA80 49] iPhoneXS, [000002934582B400][0000029344616BC0 49] iPhoneXSMax, [00000293457C5E00][000002934461AD00 49] iPhoneXR, [0000029345828B00][000002934461EE40 49] iPhone11, [00000293457C6000][0000029344626FC0 49] iPhone11Pro, [000002934582BB00][000002934462B140 49] iPhone11ProMax, [00000293457C5D00][000002934462F2C0 49] iPhoneSE2, [000002934582BD00][0000029344633440 49] iPhone12Mini, [00000293457C6300][00000293446375C0 49] iPhone12, [000002934582BE00][000002934463B740 49] iPhone12Pro, [00000293457C4C00][000002934463F8C0 49] iPhone12ProMax, [000002934582A000][0000029344643A40 49] iPadPro105, [00000293457C5500][0000029344647BC0 49] iPadPro129, [000002934582AB00][000002934464A1C0 49] iPadPro97, [00000293457C7300][000002934464E340 49] iPadPro2_129, [0000029345828D00][00000293446524C0 49] iPad5, [00000293457C6100][0000029344656640 49] iPad6, [000002934582AD00][000002934465A7C0 49] iPad7, [00000293457C5800][000002934465E940 49] iPad8, [000002934582A300][0000029344662AC0 49] iPadPro11, [00000293457C5600][0000029344622C00 49] iPadPro2_11, [000002934582A800][0000029344666D40 49] iPadPro3_129, [00000293457C7E00][000002934466AE80 49] iPadPro4_129, [000002934582AF00][000002934466EFC0 49] AppleTV, [00000293457C7900][0000029344677140 49] AppleTV4K, [000002934582A600][000002934467B2C0 49] TVOS, [00000293457C4900][000002934467F440 49] Mac, [0000029345828700][00000293446835C0 49] MacClient, [00000293457C4800][0000029344687740 49] MacNoEditor, [000002934582AC00][000002934468B8C0 49] MacServer, [00000293457C5300][000002934468FA40 49] Linux, [000002934582BF00][0000029344693BC0 49] LinuxAArch64, [00000293457C6B00][00000293446961C0 49] LinuxNoEditor, [0000029345828400][000002934469A340 49] LinuxAArch64NoEditor, [00000293457C4A00][000002934469E4C0 49] LinuxClient, [000002934582A200][00000293446A2640 49] LinuxAArch64Client, [00000293457C7200][00000293446A67C0 49] LinuxServer, [0000029345829E00][00000293446AA940 49] LinuxAArch64Server, [00000293457C7B00][00000293446AEAC0 49] Android, [000002934582B500][00000293446B2C40 49] Android_Low, [00000293457C4400][00000293446B6DC0 49] Android_Mid, [000002934582B800][0000029344672F00 49] Android_High, [0000029345872F00][00000293446BB040 49] Android_Default, [00000293457AC600][00000293446BF180 49] Android_Adreno4xx, [0000029345872A00][00000293446C7300 49] Android_Adreno5xx_Low, [00000293457AF000][00000293446CB480 49] Android_Adreno5xx, [0000029345873400][00000293446CF600 49] Android_Adreno6xx, [00000293457AE800][00000293446D3780 49] Android_Adreno6xx_Vulkan, [0000029345872B00][00000293446D7900 49] Android_Mali_T6xx, [00000293457AF800][00000293446DBA80 49] Android_Mali_T7xx, [0000029345873500][00000293446DFC00 49] Android_Mali_T8xx, [00000293457AE700][00000293446E2200 49] Android_Mali_G71, [0000029345871800][00000293446E6380 49] Android_Mali_G72, [00000293457AD400][00000293446EA500 49] Android_Mali_G72_Vulkan, [0000029345872800][00000293446EE680 49] Android_Mali_G76, [00000293457ADE00][00000293446F2800 49] Android_Mali_G76_Vulkan, [0000029345873A00][00000293446F6980 49] Android_Mali_G77, [00000293457AC800][00000293446FAB00 49] Android_Mali_G77_Vulkan, [0000029345870500][00000293446FEC80 49] Android_Mali_G78, [00000293457AF400][0000029344702E00 49] Android_Mali_G78_Vulkan, [0000029345872400][0000029344706F80 49] Android_Mali_G710, [00000293457ACC00][00000293446C30C0 49] Android_Mali_G710_Vulkan, [0000029345873200][000002934470B200 49] Android_Vulkan_SM5, [00000293457AD700][0000029346721340 49] Android_PowerVR_G6xxx, [0000029345870600][00000293467294C0 49] Android_PowerVR_GT7xxx, [00000293457AE600][000002934672D640 49] Android_PowerVR_GE8xxx, [0000029345871900][00000293467317C0 49] Android_PowerVR_GM9xxx, [000002934582A500][0000029346735940 49] Android_PowerVR_GM9xxx_Vulkan, [0000029345872D00][0000029346739AC0 49] Android_TegraK1, [0000029345829000][000002934673C0C0 49] Android_Unknown_Vulkan, [0000029345872000][0000029346740240 49] Lumin, [000002934582AA00][00000293467443C0 49] Lumin_Desktop, [0000029345872700][0000029346748540 49] HoloLens, 
[2023.03.10-11.28.54:532][  0]LogMeshReduction: Using QuadricMeshReduction for automatic static mesh reduction
[2023.03.10-11.28.54:532][  0]LogMeshReduction: Using SimplygonMeshReduction for automatic skeletal mesh reduction
[2023.03.10-11.28.54:532][  0]LogMeshReduction: Using ProxyLODMeshReduction for automatic mesh merging
[2023.03.10-11.28.54:532][  0]LogMeshReduction: No distributed automatic mesh merging module available
[2023.03.10-11.28.54:532][  0]LogMeshMerging: No distributed automatic mesh merging module available
[2023.03.10-11.28.54:556][  0]LogNetVersion: UnrealHandGrasp 1.0.0, NetCL: 17155196, EngineNetVer: 17, GameNetVer: 0 (Checksum: 2047092056)
[2023.03.10-11.28.55:329][  0]LogCollectionManager: Loaded 0 collections in 0.001735 seconds
[2023.03.10-11.28.55:333][  0]LogFileCache: Scanning file cache for directory 'C:/Users/porygon2/Desktop/unrealhandgrasp/Saved/Collections/' took 0.00s
[2023.03.10-11.28.55:333][  0]LogFileCache: Scanning file cache for directory 'C:/Users/porygon2/Desktop/unrealhandgrasp/Content/Developers/porygon2/Collections/' took 0.00s
[2023.03.10-11.28.55:333][  0]LogFileCache: Scanning file cache for directory 'C:/Users/porygon2/Desktop/unrealhandgrasp/Content/Collections/' took 0.00s
[2023.03.10-11.28.55:334][  0]LogCollectionManager: Fixed up redirectors for 0 collections in 0.000005 seconds (updated 0 objects)
[2023.03.10-11.28.55:438][  0]LogNiagaraDebuggerClient: Niagara Debugger Client Initialized | Session: AF21965A4EDA7A03DA3ECD9CC960B4E4 | Instance: 4E590A6F41FD86EE371A1E9FE4849F81 (GLACEON-8580).
[2023.03.10-11.28.55:577][  0]LogPython: Using Python 3.7.7
[2023.03.10-11.28.56:686][  0]SourceControl: Source control is disabled
[2023.03.10-11.28.56:686][  0]SourceControl: Source control is disabled
[2023.03.10-11.28.56:688][  0]SourceControl: Source control is disabled
[2023.03.10-11.28.56:692][  0]SourceControl: Source control is disabled
[2023.03.10-11.28.56:695][  0]SourceControl: Source control is disabled
[2023.03.10-11.28.56:701][  0]LogUProjectInfo: Found projects:
[2023.03.10-11.28.56:722][  0]LogAndroidPermission: UAndroidPermissionCallbackProxy::GetInstance
[2023.03.10-11.28.56:743][  0]LogAudioCaptureCore: Display: No Audio Capture implementations found. Audio input will be silent.
[2023.03.10-11.28.56:743][  0]LogAudioCaptureCore: Display: No Audio Capture implementations found. Audio input will be silent.
[2023.03.10-11.28.57:233][  0]LogOpenImageDenoise: OIDN starting up
[2023.03.10-11.28.57:340][  0]LogUObjectArray: 22957 objects as part of root set at end of initial load.
[2023.03.10-11.28.57:340][  0]LogUObjectAllocator: 6310736 out of 0 bytes used by permanent object pool.
[2023.03.10-11.28.57:340][  0]LogUObjectArray: CloseDisregardForGC: 0/0 objects in disregard for GC pool
[2023.03.10-11.28.57:345][  0]LogInit: Error: VisualStudioToolsCommandlet looked like a commandlet, but we could not find the class.
[2023.03.10-11.28.57:345][  0]LogCore: Engine exit requested (reason: Failed to find commandlet class VisualStudioToolsCommandlet)
[2023.03.10-11.28.57:345][  0]LogCore: Engine exit requested (reason: EngineExit() was called; note: exit was already requested)
[2023.03.10-11.28.57:346][  0]LogExit: Preparing to exit.
[2023.03.10-11.28.57:356][  0]LogUObjectHash: Compacting FUObjectHashTables data took   1.24ms
[2023.03.10-11.28.57:439][  0]LogDemo: Cleaned up 0 splitscreen connections with owner deletion
[2023.03.10-11.28.57:571][  0]LogExit: Object subsystem successfully closed.
[2023.03.10-11.28.57:636][  0]LogModuleManager: Shutting down and abandoning module AudioSynesthesiaEditor (628)
[2023.03.10-11.28.57:636][  0]LogModuleManager: Shutting down and abandoning module AnimNodeEditor (626)
[2023.03.10-11.28.57:636][  0]LogModuleManager: Shutting down and abandoning module AnimNode (624)
[2023.03.10-11.28.57:636][  0]LogModuleManager: Shutting down and abandoning module HoloLensPlatformEditor (622)
[2023.03.10-11.28.57:636][  0]LogModuleManager: Shutting down and abandoning module XRVisualization (620)
[2023.03.10-11.28.57:636][  0]LogModuleManager: Shutting down and abandoning module AzureSpatialAnchors (618)
[2023.03.10-11.28.57:636][  0]LogModuleManager: Shutting down and abandoning module ContentBrowserFileDataSource (616)
[2023.03.10-11.28.57:636][  0]LogModuleManager: Shutting down and abandoning module ContentBrowserClassDataSource (614)
[2023.03.10-11.28.57:637][  0]LogModuleManager: Shutting down and abandoning module ContentBrowserAssetDataSource (612)
[2023.03.10-11.28.57:637][  0]LogModuleManager: Shutting down and abandoning module ToolMenus (611)
[2023.03.10-11.28.57:637][  0]LogModuleManager: Shutting down and abandoning module OodleNetworkHandlerComponent (608)
[2023.03.10-11.28.57:637][  0]LogModuleManager: Shutting down and abandoning module SynthesisEditor (606)
[2023.03.10-11.28.57:637][  0]LogModuleManager: Shutting down and abandoning module Synthesis (604)
[2023.03.10-11.28.57:637][  0]LogModuleManager: Shutting down and abandoning module TakeSequencer (602)
[2023.03.10-11.28.57:637][  0]LogModuleManager: Shutting down and abandoning module TakeMovieScene (600)
[2023.03.10-11.28.57:637][  0]LogModuleManager: Shutting down and abandoning module ProceduralMeshComponentEditor (598)
[2023.03.10-11.28.57:638][  0]LogModuleManager: Shutting down and abandoning module ProceduralMeshComponent (596)
[2023.03.10-11.28.57:638][  0]LogModuleManager: Shutting down and abandoning module Text3DEditor (594)
[2023.03.10-11.28.57:638][  0]LogModuleManager: Shutting down and abandoning module Text3D (592)
[2023.03.10-11.28.57:638][  0]LogModuleManager: Shutting down and abandoning module MagicLeapSharedWorld (590)
[2023.03.10-11.28.57:638][  0]LogModuleManager: Shutting down and abandoning module MagicLeapLightEstimation (588)
[2023.03.10-11.28.57:638][  0]LogModuleManager: Shutting down and abandoning module MagicLeapHelperVulkan (586)
[2023.03.10-11.28.57:638][  0]LogModuleManager: Shutting down and abandoning module MagicLeapHelperOpenGL (584)
[2023.03.10-11.28.57:638][  0]LogModuleManager: Shutting down and abandoning module MagicLeapAudio (582)
[2023.03.10-11.28.57:638][  0]LogModuleManager: Shutting down and abandoning module OpenImageDenoise (580)
[2023.03.10-11.28.57:638][  0]LogOpenImageDenoise: OIDN shutting down
[2023.03.10-11.28.57:638][  0]LogModuleManager: Shutting down and abandoning module MotoSynthEditor (578)
[2023.03.10-11.28.57:638][  0]LogModuleManager: Shutting down and abandoning module MotoSynth (576)
[2023.03.10-11.28.57:638][  0]LogModuleManager: Shutting down and abandoning module OpenXREditor (574)
[2023.03.10-11.28.57:638][  0]LogModuleManager: Shutting down and abandoning module MeshConversion (572)
[2023.03.10-11.28.57:639][  0]LogModuleManager: Shutting down and abandoning module DynamicMesh (570)
[2023.03.10-11.28.57:639][  0]LogModuleManager: Shutting down and abandoning module GeometryAlgorithms (568)
[2023.03.10-11.28.57:639][  0]LogModuleManager: Shutting down and abandoning module GeometricObjects (566)
[2023.03.10-11.28.57:639][  0]LogModuleManager: Shutting down and abandoning module MobilePatchingUtils (564)
[2023.03.10-11.28.57:639][  0]LogModuleManager: Shutting down and abandoning module ScreenshotTools (562)
[2023.03.10-11.28.57:639][  0]LogModuleManager: Shutting down and abandoning module GooglePAD (560)
[2023.03.10-11.28.57:640][  0]LogModuleManager: Shutting down and abandoning module EditableMesh (558)
[2023.03.10-11.28.57:640][  0]LogModuleManager: Shutting down and abandoning module CustomMeshComponent (556)
[2023.03.10-11.28.57:640][  0]LogModuleManager: Shutting down and abandoning module CableComponent (554)
[2023.03.10-11.28.57:640][  0]LogModuleManager: Shutting down and abandoning module AudioCapture (552)
[2023.03.10-11.28.57:640][  0]LogModuleManager: Shutting down and abandoning module AudioCaptureRtAudio (551)
[2023.03.10-11.28.57:640][  0]LogModuleManager: Shutting down and abandoning module AssetTags (548)
[2023.03.10-11.28.57:640][  0]LogModuleManager: Shutting down and abandoning module ArchVisCharacter (546)
[2023.03.10-11.28.57:640][  0]LogModuleManager: Shutting down and abandoning module AppleImageUtilsBlueprintSupport (544)
[2023.03.10-11.28.57:640][  0]LogModuleManager: Shutting down and abandoning module AppleImageUtils (542)
[2023.03.10-11.28.57:640][  0]LogModuleManager: Shutting down and abandoning module AndroidPermission (540)
[2023.03.10-11.28.57:640][  0]LogModuleManager: Shutting down and abandoning module ActorLayerUtilitiesEditor (538)
[2023.03.10-11.28.57:640][  0]LogModuleManager: Shutting down and abandoning module ActorLayerUtilities (536)
[2023.03.10-11.28.57:640][  0]LogModuleManager: Shutting down and abandoning module VisualStudioCodeSourceCodeAccess (534)
[2023.03.10-11.28.57:640][  0]LogModuleManager: Shutting down and abandoning module VisualStudioSourceCodeAccess (532)
[2023.03.10-11.28.57:640][  0]LogModuleManager: Shutting down and abandoning module UObjectPlugin (530)
[2023.03.10-11.28.57:640][  0]LogModuleManager: Shutting down and abandoning module SubversionSourceControl (528)
[2023.03.10-11.28.57:640][  0]LogModuleManager: Shutting down and abandoning module PluginUtils (526)
[2023.03.10-11.28.57:640][  0]LogModuleManager: Shutting down and abandoning module PlasticSourceControl (524)
[2023.03.10-11.28.57:641][  0]LogModuleManager: Shutting down and abandoning module PerforceSourceControl (522)
[2023.03.10-11.28.57:641][  0]LogModuleManager: Shutting down and abandoning module GitSourceControl (520)
[2023.03.10-11.28.57:642][  0]LogModuleManager: Shutting down and abandoning module SourceControl (519)
[2023.03.10-11.28.57:642][  0]LogModuleManager: Shutting down and abandoning module CLionSourceCodeAccess (516)
[2023.03.10-11.28.57:642][  0]LogModuleManager: Shutting down and abandoning module AnimationSharingEd (514)
[2023.03.10-11.28.57:642][  0]LogModuleManager: Shutting down and abandoning module TemplateSequence (512)
[2023.03.10-11.28.57:643][  0]LogModuleManager: Shutting down and abandoning module SpeedTreeImporter (510)
[2023.03.10-11.28.57:643][  0]LogModuleManager: Shutting down and abandoning module MaterialAnalyzer (508)
[2023.03.10-11.28.57:643][  0]LogModuleManager: Shutting down and abandoning module PluginBrowser (506)
[2023.03.10-11.28.57:645][  0]LogModuleManager: Shutting down and abandoning module MobileLauncherProfileWizard (504)
[2023.03.10-11.28.57:645][  0]LogModuleManager: Shutting down and abandoning module CurveEditorTools (502)
[2023.03.10-11.28.57:646][  0]LogModuleManager: Shutting down and abandoning module CryptoKeysOpenSSL (500)
[2023.03.10-11.28.57:646][  0]LogModuleManager: Shutting down and abandoning module CryptoKeys (498)
[2023.03.10-11.28.57:646][  0]LogModuleManager: Shutting down and abandoning module MediaCompositing (496)
[2023.03.10-11.28.57:646][  0]LogModuleManager: Shutting down and abandoning module AzureSpatialAnchorsForOpenXR (494)
[2023.03.10-11.28.57:647][  0]LogModuleManager: Shutting down and abandoning module GeometryCollectionTracks (492)
[2023.03.10-11.28.57:647][  0]LogModuleManager: Shutting down and abandoning module GeometryCollectionSequencer (491)
[2023.03.10-11.28.57:647][  0]LogModuleManager: Shutting down and abandoning module GeometryCollectionEditor (488)
[2023.03.10-11.28.57:647][  0]LogModuleManager: Shutting down and abandoning module GeometryCacheTracks (486)
[2023.03.10-11.28.57:647][  0]LogModuleManager: Shutting down and abandoning module GeometryCacheStreamer (484)
[2023.03.10-11.28.57:647][  0]LogModuleManager: Shutting down and abandoning module GeometryCacheSequencer (482)
[2023.03.10-11.28.57:647][  0]LogModuleManager: Shutting down and abandoning module ChaosSolverEditor (480)
[2023.03.10-11.28.57:647][  0]LogModuleManager: Shutting down and abandoning module ChaosNiagara (478)
[2023.03.10-11.28.57:648][  0]LogModuleManager: Shutting down and abandoning module FractureEditor (476)
[2023.03.10-11.28.57:648][  0]LogModuleManager: Shutting down and abandoning module FieldSystemEngine (475)
[2023.03.10-11.28.57:648][  0]LogModuleManager: Shutting down and abandoning module ChaosClothEditor (472)
[2023.03.10-11.28.57:648][  0]LogModuleManager: Shutting down and abandoning module AutomationUtilsEditor (470)
[2023.03.10-11.28.57:649][  0]LogModuleManager: Shutting down and abandoning module AutomationUtils (468)
[2023.03.10-11.28.57:649][  0]LogModuleManager: Shutting down and abandoning module AlembicImporter (466)
[2023.03.10-11.28.57:649][  0]LogModuleManager: Shutting down and abandoning module AlembicLibrary (465)
[2023.03.10-11.28.57:649][  0]LogModuleManager: Shutting down and abandoning module GeometryCache (464)
[2023.03.10-11.28.57:649][  0]LogModuleManager: Shutting down and abandoning module GeometryCacheEd (463)
[2023.03.10-11.28.57:649][  0]LogModuleManager: Shutting down and abandoning module NiagaraEditorWidgets (458)
[2023.03.10-11.28.57:651][  0]LogModuleManager: Shutting down and abandoning module VariantManagerContentEditor (456)
[2023.03.10-11.28.57:651][  0]LogModuleManager: Shutting down and abandoning module DatasmithContentEditor (454)
[2023.03.10-11.28.57:652][  0]LogModuleManager: Shutting down and abandoning module LightPropagationVolumeEditor (452)
[2023.03.10-11.28.57:652][  0]LogModuleManager: Shutting down and abandoning module LiveLinkSequencer (450)
[2023.03.10-11.28.57:652][  0]LogModuleManager: Shutting down and abandoning module LiveLinkMovieScene (448)
[2023.03.10-11.28.57:652][  0]LogModuleManager: Shutting down and abandoning module LiveLinkGraphNode (446)
[2023.03.10-11.28.57:652][  0]LogModuleManager: Shutting down and abandoning module LiveLinkEditor (444)
[2023.03.10-11.28.57:653][  0]LogModuleManager: Shutting down and abandoning module LiveLinkComponents (442)
[2023.03.10-11.28.57:653][  0]LogModuleManager: Shutting down and abandoning module LiveLink (440)
[2023.03.10-11.28.58:427][  0]LogModuleManager: Shutting down and abandoning module PaperTiledImporter (438)
[2023.03.10-11.28.58:427][  0]LogModuleManager: Shutting down and abandoning module PaperSpriteSheetImporter (436)
[2023.03.10-11.28.58:427][  0]LogModuleManager: Shutting down and abandoning module Paper2DEditor (434)
[2023.03.10-11.28.58:428][  0]LogModuleManager: Shutting down and abandoning module MeshPaintingToolset (432)
[2023.03.10-11.28.58:428][  0]LogModuleManager: Shutting down and abandoning module MeshPaintEditorMode (430)
[2023.03.10-11.28.58:428][  0]LogModuleManager: Shutting down and abandoning module UnrealHandGrasp (428)
[2023.03.10-11.28.58:428][  0]LogModuleManager: Shutting down and abandoning module WindowsMixedRealityEyeTracker (426)
[2023.03.10-11.28.58:428][  0]LogModuleManager: Shutting down and abandoning module WindowsMixedRealitySpatialInput (424)
[2023.03.10-11.28.58:428][  0]LogModuleManager: Shutting down and abandoning module SoundFields (422)
[2023.03.10-11.28.58:428][  0]LogModuleManager: Shutting down and abandoning module SignificanceManager (420)
[2023.03.10-11.28.58:429][  0]LogModuleManager: Shutting down and abandoning module RuntimePhysXCooking (418)
[2023.03.10-11.28.58:429][  0]LogModuleManager: Shutting down and abandoning module PropertyAccessEditor (416)
[2023.03.10-11.28.58:429][  0]LogModuleManager: Shutting down and abandoning module MagicLeapARPin (414)
[2023.03.10-11.28.58:429][  0]LogModuleManager: Shutting down and abandoning module MagicLeapHandMeshing (412)
[2023.03.10-11.28.58:429][  0]LogModuleManager: Shutting down and abandoning module MagicLeapSecureStorage (410)
[2023.03.10-11.28.58:429][  0]LogModuleManager: Shutting down and abandoning module MagicLeapPrivileges (408)
[2023.03.10-11.28.58:429][  0]LogModuleManager: Shutting down and abandoning module MagicLeapPlanes (406)
[2023.03.10-11.28.58:429][  0]LogMagicLeapPlanes: Planes tracker already destroyed.
[2023.03.10-11.28.58:429][  0]LogModuleManager: Shutting down and abandoning module MagicLeapImageTracker (404)
[2023.03.10-11.28.58:429][  0]LogModuleManager: Shutting down and abandoning module MagicLeapIdentity (402)
[2023.03.10-11.28.58:429][  0]LogModuleManager: Shutting down and abandoning module MagicLeapHandTracking (400)
[2023.03.10-11.28.58:430][  0]LogModuleManager: Shutting down and abandoning module MagicLeapEyeTracker (398)
[2023.03.10-11.28.58:430][  0]LogModuleManager: Shutting down and abandoning module MagicLeapController (396)
[2023.03.10-11.28.58:430][  0]LogModuleManager: Shutting down and abandoning module MagicLeapARPinImpl (394)
[2023.03.10-11.28.58:430][  0]LogModuleManager: Shutting down and abandoning module MagicLeapAR (392)
[2023.03.10-11.28.58:430][  0]LogModuleManager: Shutting down and abandoning module PythonScriptPlugin (390)
[2023.03.10-11.28.58:430][  0]LogModuleManager: Shutting down and abandoning module PhysXVehiclesEditor (388)
[2023.03.10-11.28.58:430][  0]LogModuleManager: Shutting down and abandoning module LocationServicesBPLibrary (384)
[2023.03.10-11.28.58:430][  0]LogModuleManager: Shutting down and abandoning module AudioSynesthesia (382)
[2023.03.10-11.28.58:430][  0]LogModuleManager: Shutting down and abandoning module AudioSynesthesiaCore (380)
[2023.03.10-11.28.58:430][  0]LogModuleManager: Shutting down and abandoning module UdpMessaging (378)
[2023.03.10-11.28.58:430][  0]LogModuleManager: Shutting down and abandoning module TcpMessaging (376)
[2023.03.10-11.28.58:430][  0]LogModuleManager: Shutting down and abandoning module PropertyAccessNode (374)
[2023.03.10-11.28.58:430][  0]LogModuleManager: Shutting down and abandoning module AnimationSharing (372)
[2023.03.10-11.28.58:430][  0]LogModuleManager: Shutting down and abandoning module ActorSequence (370)
[2023.03.10-11.28.58:430][  0]LogModuleManager: Shutting down and abandoning module GameplayTagsEditor (368)
[2023.03.10-11.28.58:431][  0]LogModuleManager: Shutting down and abandoning module FacialAnimationEditor (366)
[2023.03.10-11.28.58:431][  0]LogModuleManager: Shutting down and abandoning module FacialAnimation (364)
[2023.03.10-11.28.58:431][  0]LogModuleManager: Shutting down and abandoning module DataValidation (362)
[2023.03.10-11.28.58:431][  0]LogModuleManager: Shutting down and abandoning module AssetManagerEditor (360)
[2023.03.10-11.28.58:431][  0]LogModuleManager: Shutting down and abandoning module TreeMap (359)
[2023.03.10-11.28.58:431][  0]LogModuleManager: Shutting down and abandoning module NiagaraAnimNotifies (356)
[2023.03.10-11.28.58:431][  0]LogModuleManager: Shutting down and abandoning module Niagara (354)
[2023.03.10-11.28.58:432][  0]LogModuleManager: Shutting down and abandoning module SignalProcessing (353)
[2023.03.10-11.28.58:432][  0]LogModuleManager: Shutting down and abandoning module NiagaraEditor (351)
[2023.03.10-11.28.58:434][  0]LogModuleManager: Shutting down and abandoning module NiagaraCore (348)
[2023.03.10-11.28.58:434][  0]LogModuleManager: Shutting down and abandoning module GameplayCameras (346)
[2023.03.10-11.28.58:434][  0]LogModuleManager: Shutting down and abandoning module LightPropagationVolumeRuntime (344)
[2023.03.10-11.28.58:434][  0]LogModuleManager: Shutting down and abandoning module EnvironmentQueryEditor (342)
[2023.03.10-11.28.58:435][  0]LogModuleManager: Shutting down and abandoning module Paper2D (340)
[2023.03.10-11.28.58:435][  0]LogModuleManager: Shutting down and abandoning module NetworkReplayStreaming (338)
[2023.03.10-11.28.58:435][  0]LogModuleManager: Shutting down and abandoning module PacketHandler (336)
[2023.03.10-11.28.58:435][  0]LogModuleManager: Shutting down and abandoning module ClothingSystemEditor (334)
[2023.03.10-11.28.58:435][  0]LogModuleManager: Shutting down and abandoning module ClothingSystemRuntimeNv (332)
[2023.03.10-11.28.58:435][  0]LogModuleManager: Shutting down and abandoning module MediaAssets (330)
[2023.03.10-11.28.58:435][  0]LogModuleManager: Shutting down and abandoning module Overlay (328)
[2023.03.10-11.28.58:435][  0]LogModuleManager: Shutting down and abandoning module OverlayEditor (327)
[2023.03.10-11.28.58:435][  0]LogModuleManager: Shutting down and abandoning module Blutility (324)
[2023.03.10-11.28.58:435][  0]LogModuleManager: Shutting down and abandoning module LevelEditor (323)
[2023.03.10-11.28.58:438][  0]LogModuleManager: Shutting down and abandoning module PixelInspectorModule (322)
[2023.03.10-11.28.58:439][  0]LogModuleManager: Shutting down and abandoning module CommonMenuExtensions (320)
[2023.03.10-11.28.58:439][  0]LogModuleManager: Shutting down and abandoning module MainFrame (318)
[2023.03.10-11.28.58:439][  0]LogModuleManager: Shutting down and abandoning module HotReload (317)
[2023.03.10-11.28.58:440][  0]LogModuleManager: Shutting down and abandoning module ContentBrowser (313)
[2023.03.10-11.28.58:440][  0]LogModuleManager: Shutting down and abandoning module CollectionManager (312)
[2023.03.10-11.28.58:440][  0]LogModuleManager: Shutting down and abandoning module ContentBrowserData (310)
[2023.03.10-11.28.58:440][  0]LogModuleManager: Shutting down and abandoning module IntroTutorials (306)
[2023.03.10-11.28.58:440][  0]LogModuleManager: Shutting down and abandoning module VREditor (304)
[2023.03.10-11.28.58:441][  0]LogModuleManager: Shutting down and abandoning module StringTableEditor (302)
[2023.03.10-11.28.58:441][  0]LogModuleManager: Shutting down and abandoning module GameplayTasksEditor (300)
[2023.03.10-11.28.58:441][  0]LogModuleManager: Shutting down and abandoning module BehaviorTreeEditor (298)
[2023.03.10-11.28.58:443][  0]LogModuleManager: Shutting down and abandoning module FunctionalTesting (296)
[2023.03.10-11.28.58:443][  0]LogModuleManager: Shutting down and abandoning module CollisionAnalyzer (294)
[2023.03.10-11.28.58:443][  0]LogModuleManager: Shutting down and abandoning module WorkspaceMenuStructure (293)
[2023.03.10-11.28.58:443][  0]LogModuleManager: Shutting down and abandoning module UMG (290)
[2023.03.10-11.28.58:443][  0]LogModuleManager: Shutting down and abandoning module UMGEditor (289)
[2023.03.10-11.28.58:444][  0]LogModuleManager: Shutting down and abandoning module MessageLog (287)
[2023.03.10-11.28.58:444][  0]LogModuleManager: Shutting down and abandoning module SlateReflector (282)
[2023.03.10-11.28.58:446][  0]LogModuleManager: Shutting down and abandoning module Slate (280)
[2023.03.10-11.28.58:446][  0]LogModuleManager: Shutting down and abandoning module SlateCore (278)
[2023.03.10-11.28.58:447][  0]LogModuleManager: Shutting down and abandoning module LandscapeEditorUtilities (276)
[2023.03.10-11.28.58:447][  0]LogModuleManager: Shutting down and abandoning module UnrealEd (274)
[2023.03.10-11.28.58:447][  0]LogModuleManager: Shutting down and abandoning module MRMesh (272)
[2023.03.10-11.28.58:447][  0]LogModuleManager: Shutting down and abandoning module SourceCodeAccess (270)
[2023.03.10-11.28.58:447][  0]LogModuleManager: Shutting down and abandoning module HeadMountedDisplay (268)
[2023.03.10-11.28.58:447][  0]LogModuleManager: Shutting down and abandoning module XAudio2 (266)
[2023.03.10-11.28.58:447][  0]LogModuleManager: Shutting down and abandoning module Networking (264)
[2023.03.10-11.28.58:447][  0]LogModuleManager: Shutting down and abandoning module Core (262)
[2023.03.10-11.28.58:447][  0]LogModuleManager: Shutting down and abandoning module MaterialEditor (260)
[2023.03.10-11.28.58:447][  0]LogModuleManager: Shutting down and abandoning module Settings (259)
[2023.03.10-11.28.58:447][  0]LogModuleManager: Shutting down and abandoning module MovieSceneTools (256)
[2023.03.10-11.28.58:448][  0]LogModuleManager: Shutting down and abandoning module CurveEditor (255)
[2023.03.10-11.28.58:450][  0]LogModuleManager: Shutting down and abandoning module Sequencer (253)
[2023.03.10-11.28.58:452][  0]LogModuleManager: Shutting down and abandoning module EditorStyle (252)
[2023.03.10-11.28.58:455][  0]LogModuleManager: Shutting down and abandoning module KismetCompiler (248)
[2023.03.10-11.28.58:455][  0]LogModuleManager: Shutting down and abandoning module MeshBuilder (246)
[2023.03.10-11.28.58:455][  0]LogModuleManager: Shutting down and abandoning module MeshUtilities (244)
[2023.03.10-11.28.58:456][  0]LogModuleManager: Shutting down and abandoning module MeshMergeUtilities (243)
[2023.03.10-11.28.58:456][  0]LogModuleManager: Shutting down and abandoning module MeshReductionInterface (242)
[2023.03.10-11.28.58:456][  0]LogModuleManager: Shutting down and abandoning module MeshBoneReduction (241)
[2023.03.10-11.28.58:456][  0]LogModuleManager: Shutting down and abandoning module SkeletalMeshReduction (239)
[2023.03.10-11.28.58:456][  0]LogModuleManager: Shutting down and abandoning module ProxyLODMeshReduction (237)
[2023.03.10-11.28.58:457][  0]LogModuleManager: Shutting down and abandoning module QuadricMeshReduction (235)
[2023.03.10-11.28.58:457][  0]LogModuleManager: Shutting down and abandoning module MaterialBaking (231)
[2023.03.10-11.28.58:457][  0]LogModuleManager: Shutting down and abandoning module DirectoryWatcher (227)
[2023.03.10-11.28.58:457][  0]LogModuleManager: Shutting down and abandoning module NullInstallBundleManager (224)
[2023.03.10-11.28.58:457][  0]LogModuleManager: Shutting down and abandoning module DerivedDataCache (222)
[2023.03.10-11.28.58:457][  0]LogModuleManager: Shutting down and abandoning module TargetPlatform (220)
[2023.03.10-11.28.58:457][  0]LogModuleManager: Shutting down and abandoning module VulkanShaderFormat (219)
[2023.03.10-11.28.58:458][  0]LogModuleManager: Shutting down and abandoning module ShaderFormatVectorVM (217)
[2023.03.10-11.28.58:458][  0]LogModuleManager: Shutting down and abandoning module ShaderFormatOpenGL (215)
[2023.03.10-11.28.58:458][  0]LogModuleManager: Shutting down and abandoning module ShaderFormatD3D (213)
[2023.03.10-11.28.58:459][  0]LogModuleManager: Shutting down and abandoning module MetalShaderFormat (211)
[2023.03.10-11.28.58:459][  0]LogModuleManager: Shutting down and abandoning module TextureFormatOodle (209)
[2023.03.10-11.28.58:459][  0]LogModuleManager: Shutting down and abandoning module TextureFormatUncompressed (207)
[2023.03.10-11.28.58:459][  0]LogModuleManager: Shutting down and abandoning module TextureFormatPVR (205)
[2023.03.10-11.28.58:459][  0]LogModuleManager: Shutting down and abandoning module TextureFormatETC2 (203)
[2023.03.10-11.28.58:459][  0]LogModuleManager: Shutting down and abandoning module TextureFormatDXT (201)
[2023.03.10-11.28.58:459][  0]LogModuleManager: Shutting down and abandoning module TextureFormatIntelISPCTexComp (199)
[2023.03.10-11.28.58:460][  0]LogModuleManager: Shutting down and abandoning module TextureFormatASTC (197)
[2023.03.10-11.28.58:460][  0]LogModuleManager: Shutting down and abandoning module ImageWrapper (196)
[2023.03.10-11.28.58:460][  0]LogModuleManager: Shutting down and abandoning module AudioFormatOpus (193)
[2023.03.10-11.28.58:460][  0]LogModuleManager: Shutting down and abandoning module AudioFormatOgg (191)
[2023.03.10-11.28.58:460][  0]LogModuleManager: Shutting down and abandoning module AudioFormatADPCM (189)
[2023.03.10-11.28.58:460][  0]LogModuleManager: Shutting down and abandoning module WindowsServerTargetPlatform (187)
[2023.03.10-11.28.58:460][  0]LogModuleManager: Shutting down and abandoning module WindowsClientTargetPlatform (185)
[2023.03.10-11.28.58:460][  0]LogModuleManager: Shutting down and abandoning module WindowsTargetPlatform (183)
[2023.03.10-11.28.58:460][  0]LogModuleManager: Shutting down and abandoning module WindowsNoEditorTargetPlatform (181)
[2023.03.10-11.28.58:460][  0]LogModuleManager: Shutting down and abandoning module TVOSTargetPlatform (179)
[2023.03.10-11.28.58:460][  0]LogModuleManager: Shutting down and abandoning module MacServerTargetPlatform (177)
[2023.03.10-11.28.58:460][  0]LogModuleManager: Shutting down and abandoning module MacClientTargetPlatform (175)
[2023.03.10-11.28.58:460][  0]LogModuleManager: Shutting down and abandoning module MacTargetPlatform (173)
[2023.03.10-11.28.58:460][  0]LogModuleManager: Shutting down and abandoning module MacNoEditorTargetPlatform (171)
[2023.03.10-11.28.58:460][  0]LogModuleManager: Shutting down and abandoning module LuminTargetPlatform (169)
[2023.03.10-11.28.58:461][  0]LogModuleManager: Shutting down and abandoning module LinuxAArch64ServerTargetPlatform (167)
[2023.03.10-11.28.58:461][  0]LogModuleManager: Shutting down and abandoning module LinuxAArch64ClientTargetPlatform (165)
[2023.03.10-11.28.58:461][  0]LogModuleManager: Shutting down and abandoning module LinuxAArch64NoEditorTargetPlatform (163)
[2023.03.10-11.28.58:461][  0]LogModuleManager: Shutting down and abandoning module LinuxServerTargetPlatform (161)
[2023.03.10-11.28.58:461][  0]LogModuleManager: Shutting down and abandoning module LinuxClientTargetPlatform (159)
[2023.03.10-11.28.58:461][  0]LogModuleManager: Shutting down and abandoning module LinuxNoEditorTargetPlatform (157)
[2023.03.10-11.28.58:461][  0]LogModuleManager: Shutting down and abandoning module LinuxTargetPlatform (155)
[2023.03.10-11.28.58:461][  0]LogModuleManager: Shutting down and abandoning module Messaging (153)
[2023.03.10-11.28.58:461][  0]LogModuleManager: Shutting down and abandoning module IOSTargetPlatform (151)
[2023.03.10-11.28.58:462][  0]LogModuleManager: Shutting down and abandoning module HoloLensTargetPlatform (149)
[2023.03.10-11.28.58:462][  0]LogModuleManager: Shutting down and abandoning module AndroidTargetPlatform (147)
[2023.03.10-11.28.58:466][  0]LogModuleManager: Shutting down and abandoning module AllDesktopTargetPlatform (145)
[2023.03.10-11.28.58:466][  0]LogModuleManager: Shutting down and abandoning module NullDrv (142)
[2023.03.10-11.28.58:466][  0]LogModuleManager: Shutting down and abandoning module PhysXCooking (140)
[2023.03.10-11.28.58:466][  0]LogModuleManager: Shutting down and abandoning module Chaos (138)
[2023.03.10-11.28.58:466][  0]LogModuleManager: Shutting down and abandoning module WindowsPlatformFeatures (136)
[2023.03.10-11.28.58:466][  0]LogModuleManager: Shutting down and abandoning module GameplayMediaEncoder (135)
[2023.03.10-11.28.58:467][  0]LogModuleManager: Shutting down and abandoning module AVEncoder (134)
[2023.03.10-11.28.58:467][  0]LogModuleManager: Shutting down and abandoning module ExampleDeviceProfileSelector (130)
[2023.03.10-11.28.58:467][  0]LogModuleManager: Shutting down and abandoning module SteamVRInputDevice (128)
[2023.03.10-11.28.58:467][  0]LogModuleManager: Shutting down and abandoning module SteamVRInput (126)
[2023.03.10-11.28.58:467][  0]LogModuleManager: Shutting down and abandoning module SteamVR (124)
[2023.03.10-11.28.58:467][  0]LogHMD: Freeing OpenVRDLLHandle.
[2023.03.10-11.28.58:467][  0]LogModuleManager: Shutting down and abandoning module HoloLensAR (122)
[2023.03.10-11.28.58:467][  0]LogModuleManager: Shutting down and abandoning module WindowsMixedRealityInputSimulation (120)
[2023.03.10-11.28.58:467][  0]LogModuleManager: Shutting down and abandoning module WindowsMixedRealityHandTracking (118)
[2023.03.10-11.28.58:467][  0]LogModuleManager: Shutting down and abandoning module WindowsMixedRealityHMD (116)
[2023.03.10-11.28.58:467][  0]LogModuleManager: Shutting down and abandoning module WindowsMixedRealityRuntimeSettings (114)
[2023.03.10-11.28.58:467][  0]LogModuleManager: Shutting down and abandoning module MLSDK (112)
[2023.03.10-11.28.58:467][  0]LogModuleManager: Shutting down and abandoning module MagicLeap (110)
[2023.03.10-11.28.58:468][  0]LogModuleManager: Shutting down and abandoning module OpenXRMsftHandInteraction (108)
[2023.03.10-11.28.58:468][  0]LogModuleManager: Shutting down and abandoning module OpenXRHandTracking (106)
[2023.03.10-11.28.58:468][  0]LogModuleManager: Shutting down and abandoning module OpenXREyeTracker (104)
[2023.03.10-11.28.58:468][  0]LogModuleManager: Shutting down and abandoning module OpenXRAR (102)
[2023.03.10-11.28.58:468][  0]LogModuleManager: Shutting down and abandoning module AugmentedReality (101)
[2023.03.10-11.28.58:468][  0]LogModuleManager: Shutting down and abandoning module OpenXRHMD (98)
[2023.03.10-11.28.58:468][  0]LogModuleManager: Shutting down and abandoning module PixWinPlugin (96)
[2023.03.10-11.28.58:468][  0]LogModuleManager: Shutting down and abandoning module ChunkDownloader (94)
[2023.03.10-11.28.58:468][  0]LogModuleManager: Shutting down and abandoning module OnlineBlueprintSupport (92)
[2023.03.10-11.28.58:468][  0]LogModuleManager: Shutting down and abandoning module OnlineSubsystem (88)
[2023.03.10-11.28.58:470][  0]LogModuleManager: Shutting down and abandoning module XMPP (83)
[2023.03.10-11.28.58:471][  0]LogModuleManager: Shutting down and abandoning module WebSockets (82)
[2023.03.10-11.28.58:478][  0]LogModuleManager: Shutting down and abandoning module HTTP (79)
[2023.03.10-11.28.58:478][  0]LogHttp: Display: Http module shutting down, but needs to wait on 1 outstanding Http requests:
[2023.03.10-11.28.58:478][  0]LogHttp: Display: 	verb=[GET] url=[https://172.19.33.39:50443/] refs=[1] status=Processing
[2023.03.10-11.28.58:478][  0]LogHttp: Display: cleaning up 1 outstanding Http requests.
[2023.03.10-11.28.58:484][  0]LogModuleManager: Shutting down and abandoning module SSL (78)
[2023.03.10-11.28.58:486][  0]LogModuleManager: Shutting down and abandoning module LauncherChunkInstaller (74)
[2023.03.10-11.28.58:486][  0]LogModuleManager: Shutting down and abandoning module WmfMedia (72)
[2023.03.10-11.28.58:486][  0]LogModuleManager: Shutting down and abandoning module Media (71)
[2023.03.10-11.28.58:488][  0]LogModuleManager: Shutting down and abandoning module MediaInfo (70)
[2023.03.10-11.28.58:489][  0]LogModuleManager: Shutting down and abandoning module ExrReaderGpu (66)
[2023.03.10-11.28.58:489][  0]LogModuleManager: Shutting down and abandoning module MicrosoftOpenXRRuntimeSettings (64)
[2023.03.10-11.28.58:489][  0]LogModuleManager: Shutting down and abandoning module MicrosoftOpenXR (62)
[2023.03.10-11.28.58:490][  0]LogModuleManager: Shutting down and abandoning module NuGetModule (60)
[2023.03.10-11.28.58:490][  0]LogModuleManager: Shutting down and abandoning module ChaosCloth (58)
[2023.03.10-11.28.58:490][  0]LogModuleManager: Shutting down and abandoning module NiagaraVertexFactories (56)
[2023.03.10-11.28.58:490][  0]LogModuleManager: Shutting down and abandoning module NiagaraShader (54)
[2023.03.10-11.28.58:491][  0]LogModuleManager: Shutting down and abandoning module VariantManagerContent (52)
[2023.03.10-11.28.58:491][  0]LogModuleManager: Shutting down and abandoning module DatasmithContent (50)
[2023.03.10-11.28.58:491][  0]LogModuleManager: Shutting down and abandoning module AISupportModule (48)
[2023.03.10-11.28.58:491][  0]LogModuleManager: Shutting down and abandoning module OodleDataCompressionFormat (46)
[2023.03.10-11.28.58:491][  0]LogModuleManager: Shutting down and abandoning module PythonScriptPluginPreload (44)
[2023.03.10-11.28.58:491][  0]LogModuleManager: Shutting down and abandoning module PlatformCryptoOpenSSL (42)
[2023.03.10-11.28.58:491][  0]LogModuleManager: Shutting down and abandoning module PlatformCryptoTypes (40)
[2023.03.10-11.28.58:491][  0]LogModuleManager: Shutting down and abandoning module PlatformCrypto (38)
[2023.03.10-11.28.58:491][  0]LogModuleManager: Shutting down and abandoning module XGEController (36)
[2023.03.10-11.28.58:492][  0]LogXGEController: Cannot use XGE Controller as Incredibuild is not installed on this machine.
[2023.03.10-11.28.58:492][  0]LogModuleManager: Shutting down and abandoning module AnimationModifiers (34)
[2023.03.10-11.28.58:492][  0]LogModuleManager: Shutting down and abandoning module AudioEditor (32)
[2023.03.10-11.28.58:493][  0]LogModuleManager: Shutting down and abandoning module PropertyEditor (31)
[2023.03.10-11.28.58:494][  0]LogModuleManager: Shutting down and abandoning module TextureCompressor (28)
[2023.03.10-11.28.58:494][  0]LogModuleManager: Shutting down and abandoning module RenderCore (26)
[2023.03.10-11.28.58:494][  0]LogModuleManager: Shutting down and abandoning module Landscape (24)
[2023.03.10-11.28.58:494][  0]LogModuleManager: Shutting down and abandoning module SlateRHIRenderer (22)
[2023.03.10-11.28.58:494][  0]LogModuleManager: Shutting down and abandoning module AnimGraphRuntime (20)
[2023.03.10-11.28.58:494][  0]LogModuleManager: Shutting down and abandoning module Renderer (18)
[2023.03.10-11.28.58:494][  0]LogModuleManager: Shutting down and abandoning module Engine (16)
[2023.03.10-11.28.58:494][  0]LogModuleManager: Shutting down and abandoning module CoreUObject (14)
[2023.03.10-11.28.58:494][  0]LogModuleManager: Shutting down and abandoning module NetworkFile (12)
[2023.03.10-11.28.58:495][  0]LogModuleManager: Shutting down and abandoning module CookedIterativeFile (10)
[2023.03.10-11.28.58:495][  0]LogModuleManager: Shutting down and abandoning module StreamingFile (8)
[2023.03.10-11.28.58:495][  0]LogModuleManager: Shutting down and abandoning module SandboxFile (6)
[2023.03.10-11.28.58:495][  0]LogModuleManager: Shutting down and abandoning module PakFile (4)
[2023.03.10-11.28.58:495][  0]LogModuleManager: Shutting down and abandoning module RSA (3)
[2023.03.10-11.28.58:563][  0]LogContentStreaming: Display: There are 1 unreleased StreamingManagers
[2023.03.10-11.28.58:577][  0]LogExit: Exiting.
[2023.03.10-11.28.58:603][  0]Log file closed, 03/10/23 12:28:58
